MPASM  5.51                     RTCEEPROM.ASM   2-22-2018  13:03:19         PAGE  1


LOC  OBJECT CODE     LINE SOURCE TEXT
  VALUE

                      00001 ;блок работы с модулем RTC AT24C32 - функции работы с памятью
                      00002         list p=16f887
                      00003         include <p16f887.inc>
                      00001         LIST
                      00002 
                      00003 ;==========================================================================
                      00004 ;  MPASM PIC16F887 processor include
                      00005 ; 
                      00006 ;  (c) Copyright 1999-2013 Microchip Technology, All rights reserved
                      00007 ;==========================================================================
                      00008 
                      00809         LIST
                      00004 
                      00005         #define SCL     PORTA,2         ; SCL RTC
                      00006         #define SDA     PORTA,3         ; SDA RTC
                      00007         #define TRIS_SCL        TRISA,2         ; направление SCL RTC
                      00008         #define TRIS_SDA        TRISA,3         ; направление SDA RTC
                      00009 
  0000                00010         global MEM_ADDR_H, MEM_ADDR_L, MEM_LEN, R_BUFFER
  0000                00011         global WriteADDR, WriteBlock, ReadADDR, ReadBlock
                      00012 
                      00013         udata
0000                  00014 MEM_ADDR_H      res .1 ;адрес куда писать (старший байт)
0001                  00015 MEM_ADDR_L      res .1 ;адрес куда писать (младший байт)
0002                  00016 MEM_LEN         res .1 ;количество данных для записи
0003                  00017 R_BUFFER        res .1 ;переменная хранящая адрес буфера чтения или один считанный байт
                      00018         udata_ovr
0000                  00019 TMP res .1
0001                  00020 COUNT res .1
                      00021 
                      00022 ;макросы
                      00023 ;-----------------------------------------------------------------
                      00024 ;установка банка 0
                      00025 SET_BANK0 MACRO 
                      00026         bcf STATUS, RP0
                      00027         bcf STATUS, RP1 
                      00028         ENDM
                      00029 ;-----------------------------------------------------------------
                      00030 ;установка банка 1
                      00031 SET_BANK1 MACRO 
                      00032         bsf STATUS, RP0
                      00033         bcf STATUS, RP1 
                      00034         ENDM
                      00035 ;------------------------------------------------------------------
                      00036 RTC_START MACRO ;!!!!!команда старт для часов реального времени
                      00037         SET_BANK0
                      00038         bsf     SDA                     ; SDA high
                      00039         nop
                      00040         SET_BANK1
                      00041         bsf     TRIS_SCL                ; SCL high (input)
                      00042         SET_BANK0
                      00043         bcf     SDA                     ; SDA low (start)
                      00044         ENDM
MPASM  5.51                     RTCEEPROM.ASM   2-22-2018  13:03:19         PAGE  2


LOC  OBJECT CODE     LINE SOURCE TEXT
  VALUE

                      00045         ;-------------------
                      00046 RTC_STOP MACRO                  ;!!!!команда стоп для часов реального времени
                      00047         SET_BANK0
                      00048         bcf     SDA                     ; SDA low
                      00049         nop
                      00050         nop
                      00051         SET_BANK1
                      00052         bsf     TRIS_SCL                ; SCL high (input)
                      00053         SET_BANK0
                      00054         bsf     SDA                     ; SDA high
                      00055         ENDM
                      00056 ;------------------------------------------------------------------
                      00057 
                      00058         code
                      00059 ;-----------------------------------------------------------------------
                      00060 ;- Записать байт по указанному адресу
                      00061 ;WriteADDR(MEM_ADDR)
                      00062 ;адрес задается в переменных MEM_ADDR_H, MEM_ADDR_L
                      00063 ;значение которое надо писать помещается перед вызовом в аккумулятор
0000                  00064 WriteADDR
0000   ???? ????      00065         banksel R_BUFFER
0002   00??           00066         movwf R_BUFFER ;сохраняем значение для записи
                      00067         RTC_START
                          M         SET_BANK0
0003   1283               M         bcf STATUS, RP0
0004   1303               M         bcf STATUS, RP1 
0005   1585               M         bsf     SDA                     ; SDA high
0006   0000               M         nop
                          M         SET_BANK1
0007   1683               M         bsf STATUS, RP0
0008   1303               M         bcf STATUS, RP1 
Message[302]: Register in operand not in bank 0.  Ensure that bank bits are correct.
0009   1505               M         bsf     TRIS_SCL                ; SCL high (input)
                          M         SET_BANK0
000A   1283               M         bcf STATUS, RP0
000B   1303               M         bcf STATUS, RP1 
000C   1185               M         bcf     SDA                     ; SDA low (start)
000D   30A0           00068         movlw   b'10100000';0A0h                        ; slave address + write
000E   2???           00069         call    write_RTC
000F   08??           00070         movf    MEM_ADDR_H,0                    ; старший байт адреса
0010   2???           00071         call    write_RTC
0011   08??           00072         movf    MEM_ADDR_L,0                    ; младший байт адреса
0012   2???           00073         call    write_RTC
0013   ???? ????      00074         banksel R_BUFFER
0015   08??           00075         movf    R_BUFFER,0 ;секунды
0016   2???           00076         call    write_RTC
                      00077         RTC_STOP
                          M         SET_BANK0
0017   1283               M         bcf STATUS, RP0
0018   1303               M         bcf STATUS, RP1 
0019   1185               M         bcf     SDA                     ; SDA low
001A   0000               M         nop
001B   0000               M         nop
MPASM  5.51                     RTCEEPROM.ASM   2-22-2018  13:03:19         PAGE  3


LOC  OBJECT CODE     LINE SOURCE TEXT
  VALUE

                          M         SET_BANK1
001C   1683               M         bsf STATUS, RP0
001D   1303               M         bcf STATUS, RP1 
Message[302]: Register in operand not in bank 0.  Ensure that bank bits are correct.
001E   1505               M         bsf     TRIS_SCL                ; SCL high (input)
                          M         SET_BANK0
001F   1283               M         bcf STATUS, RP0
0020   1303               M         bcf STATUS, RP1 
0021   1585               M         bsf     SDA                     ; SDA high
0022   0008           00078         return
                      00079 ;-----------------------------------------------------------------------
                      00080 ;- Записать последовательность байт (до 64) начиная с адреса
                      00081 ;WriteBlock(MEM_ADDR,MEM_LEN)
0023                  00082 WriteBlock
                      00083 
0023   0008           00084         return
                      00085 ;-----------------------------------------------------------------------
                      00086 ;- Считать байт по указанному адресу в выводом его в аккумулятор
                      00087 ;MEM_ADDR_H, MEM_ADDR_L задается заранее
                      00088 ;ReadADDR(MEM_ADDR)
0024                  00089 ReadADDR
                      00090         RTC_START
                          M         SET_BANK0
0024   1283               M         bcf STATUS, RP0
0025   1303               M         bcf STATUS, RP1 
0026   1585               M         bsf     SDA                     ; SDA high
0027   0000               M         nop
                          M         SET_BANK1
0028   1683               M         bsf STATUS, RP0
0029   1303               M         bcf STATUS, RP1 
Message[302]: Register in operand not in bank 0.  Ensure that bank bits are correct.
002A   1505               M         bsf     TRIS_SCL                ; SCL high (input)
                          M         SET_BANK0
002B   1283               M         bcf STATUS, RP0
002C   1303               M         bcf STATUS, RP1 
002D   1185               M         bcf     SDA                     ; SDA low (start)
002E   30A0           00091         movlw   b'10100000' ;0A0h адрес устройства и бит записи
002F   2???           00092         call    write_RTC
0030   ???? ????      00093         banksel MEM_ADDR_H      ; старший байт адреса
0032   08??           00094         movf MEM_ADDR_H, 0
0033   2???           00095         call    write_RTC
0034   ???? ????      00096         banksel MEM_ADDR_L      ; младший байт адреса
0036   08??           00097         movf MEM_ADDR_L, 0
0037   2???           00098         call    write_RTC
                      00099         RTC_START
                          M         SET_BANK0
0038   1283               M         bcf STATUS, RP0
0039   1303               M         bcf STATUS, RP1 
003A   1585               M         bsf     SDA                     ; SDA high
003B   0000               M         nop
                          M         SET_BANK1
003C   1683               M         bsf STATUS, RP0
003D   1303               M         bcf STATUS, RP1 
MPASM  5.51                     RTCEEPROM.ASM   2-22-2018  13:03:19         PAGE  4


LOC  OBJECT CODE     LINE SOURCE TEXT
  VALUE

Message[302]: Register in operand not in bank 0.  Ensure that bank bits are correct.
003E   1505               M         bsf     TRIS_SCL                ; SCL high (input)
                          M         SET_BANK0
003F   1283               M         bcf STATUS, RP0
0040   1303               M         bcf STATUS, RP1 
0041   1185               M         bcf     SDA                     ; SDA low (start)
0042   30A1           00100         movlw   b'10100001';0A1h адрес устройства и бит записи
0043   2???           00101         call    write_RTC
0044   2???           00102         call    read_RTC                ; read the seconds data
0045   ???? ????      00103         banksel R_BUFFER
0047   00??           00104         movwf   R_BUFFER        ; save it
0048   2???           00105         call    nack;
                      00106         RTC_STOP
                          M         SET_BANK0
0049   1283               M         bcf STATUS, RP0
004A   1303               M         bcf STATUS, RP1 
004B   1185               M         bcf     SDA                     ; SDA low
004C   0000               M         nop
004D   0000               M         nop
                          M         SET_BANK1
004E   1683               M         bsf STATUS, RP0
004F   1303               M         bcf STATUS, RP1 
Message[302]: Register in operand not in bank 0.  Ensure that bank bits are correct.
0050   1505               M         bsf     TRIS_SCL                ; SCL high (input)
                          M         SET_BANK0
0051   1283               M         bcf STATUS, RP0
0052   1303               M         bcf STATUS, RP1 
0053   1585               M         bsf     SDA                     ; SDA high
0054   ???? ????      00107         banksel R_BUFFER
0056   08??           00108         movf R_BUFFER,0
0057   0008           00109         return
                      00110 ;-----------------------------------------------------------------------
                      00111 ;- Считать последовательность байт (до 64) начиная с адреса
                      00112 ;в аккумуляторе адрес начала области куда считаны байты R_BUFFER
                      00113 ;ReadBlock(MEM_ADDR,MEM_LEN,R_BUFFER)
0058                  00114 ReadBlock
                      00115 
0058   0008           00116         return
                      00117 ;-----------------------------------------------------------------------
                      00118 ;---- Read RTC into W  ----
0059                  00119 read_RTC:
                      00120         SET_BANK1
0059   1683               M         bsf STATUS, RP0
005A   1303               M         bcf STATUS, RP1 
Message[302]: Register in operand not in bank 0.  Ensure that bank bits are correct.
005B   1585           00121         bsf     TRIS_SDA                ; set SDA for input
005C   ???? ????      00122         banksel COUNT
005E   3008           00123         movlw   .8              ; send 8 bits
005F   00??           00124         movwf   COUNT
                      00125         SET_BANK0
0060   1283               M         bcf STATUS, RP0
0061   1303               M         bcf STATUS, RP1 
0062   1105           00126         bcf     SCL                     ; clock data out
MPASM  5.51                     RTCEEPROM.ASM   2-22-2018  13:03:19         PAGE  5


LOC  OBJECT CODE     LINE SOURCE TEXT
  VALUE

                      00127         SET_BANK1
0063   1683               M         bsf STATUS, RP0
0064   1303               M         bcf STATUS, RP1 
Message[302]: Register in operand not in bank 0.  Ensure that bank bits are correct.
0065   1105           00128         bcf     TRIS_SCL                ; SCL low (output)
0066   ???? ????      00129         banksel TMP
0068   01??           00130         clrf    TMP                     ; clear var
0069   0D??           00131         rlf     TMP, 1                  ; rotate carry in
006A   01??           00132         clrf    TMP                     ; clear var again
006B                  00133 I2C_read_loop:
006B   0D??           00134         rlf     TMP, 1
                      00135         SET_BANK1
006C   1683               M         bsf STATUS, RP0
006D   1303               M         bcf STATUS, RP1 
Message[302]: Register in operand not in bank 0.  Ensure that bank bits are correct.
006E   1505           00136         bsf     TRIS_SCL                ; SCL high (input)
                      00137         SET_BANK0
006F   1283               M         bcf STATUS, RP0
0070   1303               M         bcf STATUS, RP1 
0071   1985           00138         btfsc   SDA
0072   2???           00139         goto set_TMP                    ; if data out = 1, set bit
0073                  00140 cont_I2C_r
                      00141         SET_BANK0
0073   1283               M         bcf STATUS, RP0
0074   1303               M         bcf STATUS, RP1 
0075   1105           00142         bcf     SCL
                      00143         SET_BANK1
0076   1683               M         bsf STATUS, RP0
0077   1303               M         bcf STATUS, RP1 
Message[302]: Register in operand not in bank 0.  Ensure that bank bits are correct.
0078   1105           00144         bcf     TRIS_SCL                ; SCL low (output)
0079   ???? ????      00145         banksel COUNT
007B   0B??           00146         decfsz  COUNT, 1
007C   2???           00147         goto    I2C_read_loop
007D   ???? ????      00148         banksel TMP
007F   08??           00149         movf    TMP, W
0080   0008           00150         return
0081                  00151 set_TMP
0081   ???? ????      00152         banksel TMP
0083   1400           00153         bsf TMP,0
0084   2???           00154         goto cont_I2C_r
                      00155 ;---- ACK read (assumes SCL=0 on entry) ----
0085                  00156 ack:
                      00157         SET_BANK0
0085   1283               M         bcf STATUS, RP0
0086   1303               M         bcf STATUS, RP1 
0087   1185           00158         bcf             SDA
                      00159         SET_BANK1
0088   1683               M         bsf STATUS, RP0
0089   1303               M         bcf STATUS, RP1 
Message[302]: Register in operand not in bank 0.  Ensure that bank bits are correct.
008A   1185           00160         bcf     TRIS_SDA                ; set SDA for output
                      00161         SET_BANK0
MPASM  5.51                     RTCEEPROM.ASM   2-22-2018  13:03:19         PAGE  6


LOC  OBJECT CODE     LINE SOURCE TEXT
  VALUE

008B   1283               M         bcf STATUS, RP0
008C   1303               M         bcf STATUS, RP1 
                      00162         SET_BANK1
008D   1683               M         bsf STATUS, RP0
008E   1303               M         bcf STATUS, RP1 
Message[302]: Register in operand not in bank 0.  Ensure that bank bits are correct.
008F   1505           00163         bsf     TRIS_SCL                ; SCL high (input)
                      00164         SET_BANK0
0090   1283               M         bcf STATUS, RP0
0091   1303               M         bcf STATUS, RP1 
0092   0000           00165         nop
0093   1105           00166         bcf     SCL
                      00167         SET_BANK1
0094   1683               M         bsf STATUS, RP0
0095   1303               M         bcf STATUS, RP1 
Message[302]: Register in operand not in bank 0.  Ensure that bank bits are correct.
0096   1105           00168         bcf     TRIS_SCL                ; SCL low (output)
0097   0008           00169         return
                      00170 ;---- NACK read (assumes SCL = 0 on entry) ----
0098                  00171 nack:
                      00172         SET_BANK0
0098   1283               M         bcf STATUS, RP0
0099   1303               M         bcf STATUS, RP1 
009A   1585           00173         bsf     SDA
                      00174         SET_BANK1
009B   1683               M         bsf STATUS, RP0
009C   1303               M         bcf STATUS, RP1 
Message[302]: Register in operand not in bank 0.  Ensure that bank bits are correct.
009D   1185           00175         bcf     TRIS_SDA                ; set SDA for output
                      00176         SET_BANK0
009E   1283               M         bcf STATUS, RP0
009F   1303               M         bcf STATUS, RP1 
                      00177         SET_BANK1
00A0   1683               M         bsf STATUS, RP0
00A1   1303               M         bcf STATUS, RP1 
Message[302]: Register in operand not in bank 0.  Ensure that bank bits are correct.
00A2   1505           00178         bsf     TRIS_SCL                ; SCL high (input)
                      00179         SET_BANK0
00A3   1283               M         bcf STATUS, RP0
00A4   1303               M         bcf STATUS, RP1 
00A5   1105           00180         bcf     SCL
                      00181         SET_BANK1
00A6   1683               M         bsf STATUS, RP0
00A7   1303               M         bcf STATUS, RP1 
Message[302]: Register in operand not in bank 0.  Ensure that bank bits are correct.
00A8   1105           00182         bcf     TRIS_SCL                ; SCL low (output)
00A9   0008           00183         return
                      00184 ;--- Write the byte in W to RTC ---
00AA                  00185 write_RTC:
00AA   ???? ????      00186         banksel TMP
00AC   00??           00187         movwf   TMP                     ;Save the data
                      00188 ;--- Do a I2C bus write of byte in 'TMP' ---
00AD                  00189 I2C_write:
MPASM  5.51                     RTCEEPROM.ASM   2-22-2018  13:03:19         PAGE  7


LOC  OBJECT CODE     LINE SOURCE TEXT
  VALUE

                      00190         SET_BANK1
00AD   1683               M         bsf STATUS, RP0
00AE   1303               M         bcf STATUS, RP1 
Message[302]: Register in operand not in bank 0.  Ensure that bank bits are correct.
00AF   1185           00191         bcf     TRIS_SDA                ; set SDA for output
00B0   ???? ????      00192         banksel COUNT
00B2   3008           00193         movlw   .8                      ; send 8 bits
00B3   00??           00194         movwf   COUNT
                      00195         SET_BANK0
00B4   1283               M         bcf STATUS, RP0
00B5   1303               M         bcf STATUS, RP1 
00B6   1105           00196         bcf     SCL
                      00197         SET_BANK1
00B7   1683               M         bsf STATUS, RP0
00B8   1303               M         bcf STATUS, RP1 
Message[302]: Register in operand not in bank 0.  Ensure that bank bits are correct.
00B9   1105           00198         bcf     TRIS_SCL                ; SCL low (output)
00BA                  00199 I2C_w_loop:
                      00200         SET_BANK0
00BA   1283               M         bcf STATUS, RP0
00BB   1303               M         bcf STATUS, RP1 
00BC   1185           00201         bcf     SDA                     ; assume data out is low
00BD   ???? ????      00202         banksel TMP
00BF   1B80           00203         btfsc   TMP, 7
00C0   2???           00204         call set_SDA    
                      00205         ; nop
                      00206         SET_BANK1
00C1   1683               M         bsf STATUS, RP0
00C2   1303               M         bcf STATUS, RP1 
Message[302]: Register in operand not in bank 0.  Ensure that bank bits are correct.
00C3   1505           00207         bsf     TRIS_SCL                ; SCL high (input)
00C4   ???? ????      00208         banksel TMP
00C6   0D??           00209         rlf     TMP, 1
                      00210         SET_BANK0
00C7   1283               M         bcf STATUS, RP0
00C8   1303               M         bcf STATUS, RP1 
00C9   1105           00211         bcf     SCL                     ; clock it in
                      00212         SET_BANK1
00CA   1683               M         bsf STATUS, RP0
00CB   1303               M         bcf STATUS, RP1 
Message[302]: Register in operand not in bank 0.  Ensure that bank bits are correct.
00CC   1105           00213         bcf     TRIS_SCL                ; SCL low (output)
00CD   ???? ????      00214         banksel COUNT
00CF   0B??           00215         decfsz  COUNT, 1
00D0   2???           00216         goto    I2C_w_loop
                      00217         SET_BANK1
00D1   1683               M         bsf STATUS, RP0
00D2   1303               M         bcf STATUS, RP1 
Message[302]: Register in operand not in bank 0.  Ensure that bank bits are correct.
00D3   1585           00218         bsf     TRIS_SDA                ; set SDA for input
                      00219         SET_BANK0
00D4   1283               M         bcf STATUS, RP0
00D5   1303               M         bcf STATUS, RP1 
MPASM  5.51                     RTCEEPROM.ASM   2-22-2018  13:03:19         PAGE  8


LOC  OBJECT CODE     LINE SOURCE TEXT
  VALUE

00D6   1105           00220         bcf     SCL
                      00221         SET_BANK1
00D7   1683               M         bsf STATUS, RP0
00D8   1303               M         bcf STATUS, RP1 
Message[302]: Register in operand not in bank 0.  Ensure that bank bits are correct.
00D9   1105           00222         bcf     TRIS_SCL                ; SCL low (output)
00DA   0000           00223         nop
00DB   0000           00224         nop
00DC   0000           00225         nop
00DD   0000           00226         nop
Message[302]: Register in operand not in bank 0.  Ensure that bank bits are correct.
00DE   1505           00227         bsf     TRIS_SCL                ; SCL high (input)
                      00228         SET_BANK0
00DF   1283               M         bcf STATUS, RP0
00E0   1303               M         bcf STATUS, RP1 
00E1   1105           00229         bcf             SCL
                      00230         SET_BANK1
00E2   1683               M         bsf STATUS, RP0
00E3   1303               M         bcf STATUS, RP1 
Message[302]: Register in operand not in bank 0.  Ensure that bank bits are correct.
00E4   1105           00231         bcf     TRIS_SCL                ; SCL low (output)
                      00232         SET_BANK0
00E5   1283               M         bcf STATUS, RP0
00E6   1303               M         bcf STATUS, RP1 
00E7   0008           00233         return
00E8                  00234 set_SDA
                      00235         SET_BANK0
00E8   1283               M         bcf STATUS, RP0
00E9   1303               M         bcf STATUS, RP1 
00EA   1585           00236         bsf     SDA                     ; if data out = 1, set bit
00EB   0008           00237         return
                      00238 ;----------------------------------------------------------------------
                      00239         end
MPASM  5.51                     RTCEEPROM.ASM   2-22-2018  13:03:19         PAGE  9


SYMBOL TABLE
  LABEL                             VALUE 

ABDEN                             00000000
ABDOVF                            00000007
ACKDT                             00000005
ACKEN                             00000004
ACKSTAT                           00000006
ADCON0                            0000001F
ADCON1                            0000009F
ADCS0                             00000006
ADCS1                             00000007
ADDEN                             00000003
ADFM                              00000007
ADIE                              00000006
ADIF                              00000006
ADON                              00000000
ADRESH                            0000001E
ADRESL                            0000009E
ANS0                              00000000
ANS1                              00000001
ANS10                             00000002
ANS11                             00000003
ANS12                             00000004
ANS13                             00000005
ANS2                              00000002
ANS3                              00000003
ANS4                              00000004
ANS5                              00000005
ANS6                              00000006
ANS7                              00000007
ANS8                              00000000
ANS9                              00000001
ANSEL                             00000188
ANSELH                            00000189
BAUDCTL                           00000187
BCLIE                             00000003
BCLIF                             00000003
BF                                00000000
BRG0                              00000000
BRG1                              00000001
BRG10                             00000002
BRG11                             00000003
BRG12                             00000004
BRG13                             00000005
BRG14                             00000006
BRG15                             00000007
BRG16                             00000003
BRG2                              00000002
BRG3                              00000003
BRG4                              00000004
BRG5                              00000005
BRG6                              00000006
BRG7                              00000007
BRG8                              00000000
BRG9                              00000001
MPASM  5.51                     RTCEEPROM.ASM   2-22-2018  13:03:19         PAGE 10


SYMBOL TABLE
  LABEL                             VALUE 

BRGH                              00000002
C                                 00000000
C1CH0                             00000000
C1CH1                             00000001
C1IE                              00000005
C1IF                              00000005
C1OE                              00000005
C1ON                              00000007
C1OUT                             00000006
C1POL                             00000004
C1R                               00000002
C1RSEL                            00000005
C1SEN                             00000005
C2CH0                             00000000
C2CH1                             00000001
C2IE                              00000006
C2IF                              00000006
C2OE                              00000005
C2ON                              00000007
C2OUT                             00000006
C2POL                             00000004
C2R                               00000002
C2REN                             00000004
C2RSEL                            00000004
C2SYNC                            00000000
CCP1CON                           00000017
CCP1IE                            00000002
CCP1IF                            00000002
CCP1M0                            00000000
CCP1M1                            00000001
CCP1M2                            00000002
CCP1M3                            00000003
CCP1X                             00000005
CCP1Y                             00000004
CCP2CON                           0000001D
CCP2IE                            00000000
CCP2IF                            00000000
CCP2M0                            00000000
CCP2M1                            00000001
CCP2M2                            00000002
CCP2M3                            00000003
CCP2X                             00000005
CCP2Y                             00000004
CCPR1                             00000015
CCPR1H                            00000016
CCPR1L                            00000015
CCPR2                             0000001B
CCPR2H                            0000001C
CCPR2L                            0000001B
CHS0                              00000002
CHS1                              00000003
CHS2                              00000004
CHS3                              00000005
MPASM  5.51                     RTCEEPROM.ASM   2-22-2018  13:03:19         PAGE 11


SYMBOL TABLE
  LABEL                             VALUE 

CKE                               00000006
CKP                               00000004
CM1CON0                           00000107
CM2CON0                           00000108
CM2CON1                           00000109
COUNT                             00000001
CREN                              00000004
CSRC                              00000007
D                                 00000005
DATA_ADDRESS                      00000005
DC                                00000001
DC1B0                             00000004
DC1B1                             00000005
DC2B0                             00000004
DC2B1                             00000005
D_A                               00000005
D_NOT_A                           00000005
ECCPAS                            0000009C
ECCPAS0                           00000004
ECCPAS1                           00000005
ECCPAS2                           00000006
ECCPASE                           00000007
EEADR                             0000010D
EEADRH                            0000010F
EECON1                            0000018C
EECON2                            0000018D
EEDAT                             0000010C
EEDATA                            0000010C
EEDATH                            0000010E
EEIE                              00000004
EEIF                              00000004
EEPGD                             00000007
F                                 00000001
FERR                              00000002
FSR                               00000004
FVREN                             00000000
GCEN                              00000007
GIE                               00000007
GO                                00000001
GO_DONE                           00000001
GO_NOT_DONE                       00000001
HTS                               00000002
I2C_DATA                          00000005
I2C_READ                          00000002
I2C_START                         00000003
I2C_STOP                          00000004
I2C_read_loop                     0000006B
I2C_w_loop                        000000BA
I2C_write                         000000AD
INDF                              00000000
INTCON                            0000000B
INTE                              00000004
INTEDG                            00000006
MPASM  5.51                     RTCEEPROM.ASM   2-22-2018  13:03:19         PAGE 12


SYMBOL TABLE
  LABEL                             VALUE 

INTF                              00000001
IOCB                              00000096
IOCB0                             00000000
IOCB1                             00000001
IOCB2                             00000002
IOCB3                             00000003
IOCB4                             00000004
IOCB5                             00000005
IOCB6                             00000006
IOCB7                             00000007
IRCF0                             00000004
IRCF1                             00000005
IRCF2                             00000006
IRP                               00000007
LTS                               00000001
MC1OUT                            00000007
MC2OUT                            00000006
MEM_ADDR_H                        00000000
MEM_ADDR_L                        00000001
MEM_LEN                           00000002
MSK                               00000093
MSK0                              00000000
MSK1                              00000001
MSK2                              00000002
MSK3                              00000003
MSK4                              00000004
MSK5                              00000005
MSK6                              00000006
MSK7                              00000007
NOT_A                             00000005
NOT_ADDRESS                       00000005
NOT_BO                            00000000
NOT_BOR                           00000000
NOT_DONE                          00000001
NOT_PD                            00000003
NOT_POR                           00000001
NOT_RBPU                          00000007
NOT_RC8                           00000006
NOT_T1SYNC                        00000002
NOT_TO                            00000004
NOT_TX8                           00000006
NOT_W                             00000002
NOT_WRITE                         00000002
OERR                              00000001
OPTION_REG                        00000081
OSCCON                            0000008F
OSCTUNE                           00000090
OSFIE                             00000007
OSFIF                             00000007
OSTS                              00000003
P                                 00000004
P1M0                              00000006
P1M1                              00000007
MPASM  5.51                     RTCEEPROM.ASM   2-22-2018  13:03:19         PAGE 13


SYMBOL TABLE
  LABEL                             VALUE 

PCL                               00000002
PCLATH                            0000000A
PCON                              0000008E
PDC0                              00000000
PDC1                              00000001
PDC2                              00000002
PDC3                              00000003
PDC4                              00000004
PDC5                              00000005
PDC6                              00000006
PEIE                              00000006
PEN                               00000002
PIE1                              0000008C
PIE2                              0000008D
PIR1                              0000000C
PIR2                              0000000D
PORTA                             00000005
PORTB                             00000006
PORTC                             00000007
PORTD                             00000008
PORTE                             00000009
PR2                               00000092
PRSEN                             00000007
PS0                               00000000
PS1                               00000001
PS2                               00000002
PSA                               00000003
PSSAC0                            00000002
PSSAC1                            00000003
PSSBD0                            00000000
PSSBD1                            00000001
PSTRCON                           0000009D
PULSR                             00000002
PULSS                             00000003
PWM1CON                           0000009B
R                                 00000002
RA0                               00000000
RA1                               00000001
RA2                               00000002
RA3                               00000003
RA4                               00000004
RA5                               00000005
RA6                               00000006
RA7                               00000007
RB0                               00000000
RB1                               00000001
RB2                               00000002
RB3                               00000003
RB4                               00000004
RB5                               00000005
RB6                               00000006
RB7                               00000007
RBIE                              00000003
MPASM  5.51                     RTCEEPROM.ASM   2-22-2018  13:03:19         PAGE 14


SYMBOL TABLE
  LABEL                             VALUE 

RBIF                              00000000
RC0                               00000000
RC1                               00000001
RC2                               00000002
RC3                               00000003
RC4                               00000004
RC5                               00000005
RC6                               00000006
RC7                               00000007
RC8_9                             00000006
RC9                               00000006
RCD8                              00000000
RCEN                              00000003
RCIDL                             00000006
RCIE                              00000005
RCIF                              00000005
RCREG                             0000001A
RCSTA                             00000018
RD                                00000000
RD0                               00000000
RD1                               00000001
RD2                               00000002
RD3                               00000003
RD4                               00000004
RD5                               00000005
RD6                               00000006
RD7                               00000007
RE0                               00000000
RE1                               00000001
RE2                               00000002
RE3                               00000003
READ_WRITE                        00000002
RP0                               00000005
RP1                               00000006
RSEN                              00000001
RTC_START                         
RTC_STOP                          
RX9                               00000006
RX9D                              00000000
R_BUFFER                          00000003
R_NOT_W                           00000002
R_W                               00000002
ReadADDR                          00000024
ReadBlock                         00000058
S                                 00000003
SBOREN                            00000004
SCKP                              00000004
SCL                               PORTA,2
SCS                               00000000
SDA                               PORTA,3
SEN                               00000000
SENDB                             00000003
SET_BANK0                         
MPASM  5.51                     RTCEEPROM.ASM   2-22-2018  13:03:19         PAGE 15


SYMBOL TABLE
  LABEL                             VALUE 

SET_BANK1                         
SMP                               00000007
SPBRG                             00000099
SPBRGH                            0000009A
SPEN                              00000007
SR0                               00000006
SR1                               00000007
SRCON                             00000185
SREN                              00000005
SSPADD                            00000093
SSPBUF                            00000013
SSPCON                            00000014
SSPCON2                           00000091
SSPEN                             00000005
SSPIE                             00000003
SSPIF                             00000003
SSPM0                             00000000
SSPM1                             00000001
SSPM2                             00000002
SSPM3                             00000003
SSPMSK                            00000093
SSPOV                             00000006
SSPSTAT                           00000094
STATUS                            00000003
STRA                              00000000
STRB                              00000001
STRC                              00000002
STRD                              00000003
STRSYNC                           00000004
SWDTEN                            00000000
SYNC                              00000004
T0CS                              00000005
T0IE                              00000005
T0IF                              00000002
T0SE                              00000004
T1CKPS0                           00000004
T1CKPS1                           00000005
T1CON                             00000010
T1GINV                            00000007
T1GIV                             00000007
T1GSS                             00000001
T1INSYNC                          00000002
T1OSCEN                           00000003
T1SYNC                            00000002
T2CKPS0                           00000000
T2CKPS1                           00000001
T2CON                             00000012
TMP                               00000000
TMR0                              00000001
TMR0IE                            00000005
TMR0IF                            00000002
TMR1                              0000000E
TMR1CS                            00000001
MPASM  5.51                     RTCEEPROM.ASM   2-22-2018  13:03:19         PAGE 16


SYMBOL TABLE
  LABEL                             VALUE 

TMR1GE                            00000006
TMR1H                             0000000F
TMR1IE                            00000000
TMR1IF                            00000000
TMR1L                             0000000E
TMR1ON                            00000000
TMR2                              00000011
TMR2IE                            00000001
TMR2IF                            00000001
TMR2ON                            00000002
TOUTPS0                           00000003
TOUTPS1                           00000004
TOUTPS2                           00000005
TOUTPS3                           00000006
TRISA                             00000085
TRISA0                            00000000
TRISA1                            00000001
TRISA2                            00000002
TRISA3                            00000003
TRISA4                            00000004
TRISA5                            00000005
TRISA6                            00000006
TRISA7                            00000007
TRISB                             00000086
TRISB0                            00000000
TRISB1                            00000001
TRISB2                            00000002
TRISB3                            00000003
TRISB4                            00000004
TRISB5                            00000005
TRISB6                            00000006
TRISB7                            00000007
TRISC                             00000087
TRISC0                            00000000
TRISC1                            00000001
TRISC2                            00000002
TRISC3                            00000003
TRISC4                            00000004
TRISC5                            00000005
TRISC6                            00000006
TRISC7                            00000007
TRISD                             00000088
TRISD0                            00000000
TRISD1                            00000001
TRISD2                            00000002
TRISD3                            00000003
TRISD4                            00000004
TRISD5                            00000005
TRISD6                            00000006
TRISD7                            00000007
TRISE                             00000089
TRISE0                            00000000
TRISE1                            00000001
MPASM  5.51                     RTCEEPROM.ASM   2-22-2018  13:03:19         PAGE 17


SYMBOL TABLE
  LABEL                             VALUE 

TRISE2                            00000002
TRISE3                            00000003
TRIS_SCL                          TRISA,2
TRIS_SDA                          TRISA,3
TRMT                              00000001
TUN0                              00000000
TUN1                              00000001
TUN2                              00000002
TUN3                              00000003
TUN4                              00000004
TX8_9                             00000006
TX9                               00000006
TX9D                              00000000
TXD8                              00000000
TXEN                              00000005
TXIE                              00000004
TXIF                              00000004
TXREG                             00000019
TXSTA                             00000098
UA                                00000001
ULPWUE                            00000005
ULPWUIE                           00000002
ULPWUIF                           00000002
VCFG0                             00000004
VCFG1                             00000005
VR0                               00000000
VR1                               00000001
VR2                               00000002
VR3                               00000003
VRCON                             00000097
VREN                              00000007
VROE                              00000006
VRR                               00000005
VRSS                              00000004
W                                 00000000
WCOL                              00000007
WDTCON                            00000105
WDTPS0                            00000001
WDTPS1                            00000002
WDTPS2                            00000003
WDTPS3                            00000004
WPUB                              00000095
WPUB0                             00000000
WPUB1                             00000001
WPUB2                             00000002
WPUB3                             00000003
WPUB4                             00000004
WPUB5                             00000005
WPUB6                             00000006
WPUB7                             00000007
WR                                00000001
WREN                              00000002
WRERR                             00000003
MPASM  5.51                     RTCEEPROM.ASM   2-22-2018  13:03:19         PAGE 18


SYMBOL TABLE
  LABEL                             VALUE 

WUE                               00000001
WriteADDR                         00000000
WriteBlock                        00000023
Z                                 00000002
_BOR21V                           00003EFF
_BOR40V                           00003FFF
_BOR4V_BOR21V                     00003EFF
_BOR4V_BOR40V                     00003FFF
_BOREN_NSLEEP                     00003EFF
_BOREN_OFF                        00003CFF
_BOREN_ON                         00003FFF
_BOREN_SBODEN                     00003DFF
_BOR_NSLEEP                       00003EFF
_BOR_OFF                          00003CFF
_BOR_ON                           00003FFF
_BOR_SBODEN                       00003DFF
_CONFIG1                          00002007
_CONFIG2                          00002008
_CPD_OFF                          00003FFF
_CPD_ON                           00003F7F
_CP_OFF                           00003FFF
_CP_ON                            00003FBF
_DEBUG_OFF                        00003FFF
_DEBUG_ON                         00001FFF
_DEVID1                           00002006
_EC_OSC                           00003FFB
_EXTRC                            00003FFF
_EXTRCIO                          00003FFE
_EXTRC_OSC_CLKOUT                 00003FFF
_EXTRC_OSC_NOCLKOUT               00003FFE
_FCMEN_OFF                        000037FF
_FCMEN_ON                         00003FFF
_FOSC_EC                          00003FFB
_FOSC_EXTRC_CLKOUT                00003FFF
_FOSC_EXTRC_NOCLKOUT              00003FFE
_FOSC_HS                          00003FFA
_FOSC_INTRC_CLKOUT                00003FFD
_FOSC_INTRC_NOCLKOUT              00003FFC
_FOSC_LP                          00003FF8
_FOSC_XT                          00003FF9
_HS_OSC                           00003FFA
_IDLOC0                           00002000
_IDLOC1                           00002001
_IDLOC2                           00002002
_IDLOC3                           00002003
_IESO_OFF                         00003BFF
_IESO_ON                          00003FFF
_INTOSC                           00003FFD
_INTOSCIO                         00003FFC
_INTRC_OSC_CLKOUT                 00003FFD
_INTRC_OSC_NOCLKOUT               00003FFC
_LP_OSC                           00003FF8
_LVP_OFF                          00002FFF
MPASM  5.51                     RTCEEPROM.ASM   2-22-2018  13:03:19         PAGE 19


SYMBOL TABLE
  LABEL                             VALUE 

_LVP_ON                           00003FFF
_MCLRE_OFF                        00003FDF
_MCLRE_ON                         00003FFF
_PWRTE_OFF                        00003FFF
_PWRTE_ON                         00003FEF
_WDTE_OFF                         00003FF7
_WDTE_ON                          00003FFF
_WDT_OFF                          00003FF7
_WDT_ON                           00003FFF
_WRT_1FOURTH                      00003BFF
_WRT_256                          00003DFF
_WRT_HALF                         000039FF
_WRT_OFF                          00003FFF
_XT_OSC                           00003FF9
__16F887                          00000001
__DEBUG                           1
ack                               00000085
cont_I2C_r                        00000073
nack                              00000098
read_RTC                          00000059
set_SDA                           000000E8
set_TMP                           00000081
write_RTC                         000000AA

Errors   :     0
Warnings :     0 reported,     0 suppressed
Messages :    23 reported,     0 suppressed

