MPASM  5.51                     TM1621LCD.ASM   2-22-2018  13:03:13         PAGE  1


LOC  OBJECT CODE     LINE SOURCE TEXT
  VALUE

                      00001         list p=16f887
                      00002         include <p16f887.inc>
                      00001         LIST
                      00002 
                      00003 ;==========================================================================
                      00004 ;  MPASM PIC16F887 processor include
                      00005 ; 
                      00006 ;  (c) Copyright 1999-2013 Microchip Technology, All rights reserved
                      00007 ;==========================================================================
                      00008 
                      00809         LIST
  0000                00003         extern pause_5us, pause_3us ;<pauses_20MHz.asm> 
  0000                00004         global simb_pos, Display_Data
  0000                00005         global init_LCD, LCD_Data_Duplicate, Data_to_LCD
  0000                00006         global LCD_ON, LCD_OFF, PrintSimb, PrintMsg
  0000                00007         global PrintFirstStr, PrintSecondStr, PrintThirdStr
  0000                00008         global SetKoma, ClrKoma, KomaPos, koma_set
                      00009 
                      00010         #define CS PORTB,4
                      00011         #define WR PORTB,5
                      00012         #define DATA_PIN PORTB,7
                      00013 
                      00014 ;коды дисплея
                      00015         include <TM1621.inc>
                      00001 ;-----таблица соответсвия символов чтобы легко было менять для других индикаторов------------
  0000007D            00002 simb0 equ 0x7D ;код символа "0"
  00000060            00003 simb1 equ 0x60 ;код символа "1" 
  0000003E            00004 simb2 equ 0x3E ;код символа "2"
  0000007A            00005 simb3 equ 0x7A ;код символа "3"
  00000063            00006 simb4 equ 0x63 ;код символа "4"
  0000005B            00007 simb5 equ 0x5B ;код символа "5","S"
  0000005F            00008 simb6 equ 0x5F ;код символа "6"
  00000070            00009 simb7 equ 0x70 ;код символа "7"
  0000007F            00010 simb8 equ 0x7F ;код символа "8"
  0000007B            00011 simb9 equ 0x7B ;код символа "9"
  000000FD            00012 simb0_ equ 0xFD ;код символа ".0"
  000000E0            00013 simb1_ equ 0xE0 ;код символа ".1"
  000000BE            00014 simb2_ equ 0xBE ;код символа ".2"
  000000FA            00015 simb3_ equ 0xFA ;код символа ".3"
  000000E3            00016 simb4_ equ 0xE3 ;код символа ".4"
  000000DB            00017 simb5_ equ 0xDB ;код символа ".5"
  000000DF            00018 simb6_ equ 0xDF ;код символа ".6"
  000000F0            00019 simb7_ equ 0xF0 ;код символа ".7"
  000000FF            00020 simb8_ equ 0xFF ;код символа ".8"
  000000FB            00021 simb9_ equ 0xFB ;код символа ".9"
  00000077            00022 simbA equ 0x77 ;код символа "A"
  0000004F            00023 simbb equ 0x4F ;код символа "b"
  0000001D            00024 simbC equ 0x1D ;код символа "C"
  0000006E            00025 simbd equ 0x6E ;код символа "d"
  0000001F            00026 simbE equ 0x1F ;код символа "E"
  00000017            00027 simbF equ 0x17 ;код символа "F"
  0000005D            00028 simbG equ 0x5D ;код символа "G"
  00000067            00029 simbH equ 0x67 ;код символа "H"
MPASM  5.51                     TM1621LCD.ASM   2-22-2018  13:03:13         PAGE  2


LOC  OBJECT CODE     LINE SOURCE TEXT
  VALUE

  0000006C            00030 simbJ equ 0x6C ;код символа "J"
  0000000D            00031 simbL equ 0x0D ;код символа "L"
  00000046            00032 simbn equ 0x46 ;код символа "n"
  00000037            00033 simbP equ 0x37 ;код символа "P"
  00000006            00034 simbr equ 0x06 ;код символа "r"
  0000000F            00035 simbt equ 0x0F ;код символа "t"
  0000006D            00036 simbU equ 0x6D ;код символа "U"
  0000006B            00037 simbY equ 0x6B ;код символа "Y"
  00000002            00038 simbmin equ 0x02 ;код символа "минус"
  00000000            00039 empty equ 0x00 ;код символа "пусто"
                      00016 
                      00017         udata
0000                  00018 simb_pos        res 1
0001                  00019 Display_Data res .16 ;область содержащая коды для вывода на экран
0011                  00020 KomaPos         res 1
                      00021         udata_ovr
0000                  00022 temp            res 1
0001                  00023 buf_temp        res 1
0002                  00024 counter         res 1
0003                  00025 simb_temp       res 1
0004                  00026 temp2           res 1
                      00027 ;------------------------------------------------------------------------------
                      00028 ;макросы
                      00029 ;-----------------------------------------------------------------
                      00030 ;установка банка 0
                      00031 SET_BANK0 MACRO 
                      00032         bcf STATUS, RP0
                      00033         bcf STATUS, RP1 
                      00034         ENDM
                      00035 ;---------------------------------------------------------------------
                      00036         code
                      00037 ;-----------------------------------------------------------------------
0000                  00038 init_LCD;инициализация дисплея
                      00039         SET_BANK0
0000   1283               M         bcf STATUS, RP0
0001   1303               M         bcf STATUS, RP1 
0002   1606           00040         bsf CS
0003   1286           00041         bcf WR
0004   ???? ???? 2??? 00042         lcall pause_5us 
0007   ???? ???? 2??? 00043         lcall SYS_EN ;команда SYS EN согласно документации на драйвер 100 000000011
000A   ???? ???? 2??? 00044         lcall RC_256K ;команда RC_256K согласно документации на драйвер 100 000110000
000D   ???? ???? 2??? 00045         lcall BIAS_1_3 ;команда BIAS ab=10:4 LCD 1/3 согласно документации на драйвер 100 001010011
0010   ???? ???? 2??? 00046         lcall LCD_OFF ;команда LCD OFF согласно документации на драйвер 100 000000100
0013   ???? ???? 2??? 00047         lcall TONE4K
0016   ???? ???? 2??? 00048         lcall TNORMAL
0019   ???? ???? 2??? 00049         lcall LCD_ON ;команда LCD ON согласно документации на драйвер 100 000000111
001C   0008           00050         return
                      00051 ;-------------------------------------------------------------------------
                      00052 ;LCD_Data_Duplicate(lcd_data_addr)
                      00053 ;lcd_data_addr - адрес ячейки начиная с которой располагается буфер считанных с весов данных 
                      00054 ;lcd_data_addr перед вызовом процедуры записывается в аккумулятор
001D                  00055 LCD_Data_Duplicate
001D   ???? ????      00056         banksel buf_temp
MPASM  5.51                     TM1621LCD.ASM   2-22-2018  13:03:13         PAGE  3


LOC  OBJECT CODE     LINE SOURCE TEXT
  VALUE

001F   00??           00057         movwf buf_temp
0020   3E12           00058         addlw .18 ;bufer_count (LCD_bufer+18)
0021   0084           00059         movwf FSR
0022   0800           00060         movf INDF, 0
0023   00??           00061         movwf temp ;temp=bufer_count т.к. он идет сразу после самого буфера
0024   08??           00062         movf buf_temp, 0
0025   0084           00063         movwf FSR
                      00064         SET_BANK0
0026   1283               M         bcf STATUS, RP0
0027   1303               M         bcf STATUS, RP1 
0028   1206           00065         bcf CS 
0029   ???? ???? 2??? 00066         lcall pause_5us ;пауза 5 мкс
002C   ???? ????      00067         pagesel $
002E   ???? ????      00068         banksel counter
0030                  00069 next_dupl_byte
0030   3008           00070         movlw .8
0031   00??           00071         movwf counter
0032                  00072 next_dupl_bit
0032   1F80           00073         btfss INDF,7
0033   2???           00074         goto zero_dupl
0034   2???           00075         call SET_ONE ;подача логической единицы на драйвер дисплея
0035                  00076 test_dupl_bit
0035   ???? ????      00077         banksel temp
0037   0B??           00078         decfsz temp,1 
0038   2???           00079         goto next_dupl ;если не все принятые биты переданы идем на передачу
                      00080         SET_BANK0
0039   1283               M         bcf STATUS, RP0
003A   1303               M         bcf STATUS, RP1 
003B   1606           00081         bsf CS ;если все CS=1 и выходим
003C   0008           00082         return
003D                  00083 next_dupl
003D   0D80           00084         rlf INDF,1 ;
003E   0B??           00085         decfsz counter,1 
003F   2???           00086         goto next_dupl_bit ;если еще не передан очередной байт
0040   0A84           00087         incf FSR,1
0041   2???           00088         goto next_dupl_byte
0042                  00089 zero_dupl
0042   2???           00090         call SET_ZERO ;подача логического нуля на драйвер дисплея       
0043   2???           00091         goto test_dupl_bit
                      00092 ;-------------------------------------------------------------------
                      00093 ;Отправка данных буфера в дисплей
                      00094 ;Data_to_LCD(lcd_data_addr)
                      00095 ;lcd_data_addr - адрес ячейки начиная с которой располагается буфер считанных с весов данных 
                      00096 ;16 байт начиная с адреса записанного в аккумулятор
0044                  00097 Data_to_LCD
0044   ???? ????      00098         banksel buf_temp
0046   00??           00099         movwf buf_temp ;адрес начала области вывода     
0047   2???           00100         call WRITE ;команда драйвера дисплея (запись данных) 101
0048   ???? ????      00101         banksel counter 
004A   3006           00102         movlw .6 ;подаем начальный адрес 000000
004B   00??           00103         movwf counter
004C                  00104 send_zero_4
004C   2???           00105         call SET_ZERO ;подача логического нуля на драйвер дисплея
MPASM  5.51                     TM1621LCD.ASM   2-22-2018  13:03:13         PAGE  4


LOC  OBJECT CODE     LINE SOURCE TEXT
  VALUE

004D   ???? ????      00106         banksel counter 
004F   0B??           00107         decfsz counter,1
0050   2???           00108         goto send_zero_4
                      00109         ;выводим данные 32*4 бит
0051   08??           00110         movf buf_temp,0
0052   0084           00111         movwf FSR
0053                  00112 send_next_byte  
0053   3008           00113         movlw .8
0054   00??           00114         movwf counter
0055   0800           00115         movf INDF,0
0056   00??           00116         movwf temp
0057                  00117 send_next_bit
0057   1F80           00118         btfss temp,7
0058   2???           00119         goto send_zero
0059   2???           00120         call SET_ONE ;подача логической единицы на драйвер дисплея
005A                  00121 shift_bit
005A   ???? ????      00122         banksel temp    
005C   0D??           00123         rlf temp,1
005D   0B??           00124         decfsz counter,1
005E   2???           00125         goto send_next_bit
005F   0A84           00126         incf FSR,1
0060   08??           00127         movf buf_temp,0 ;!!
0061   3E10           00128         addlw 0x10      ;!!
0062   0604           00129         xorwf FSR, 0 ;!!
0063   1D03           00130         btfss STATUS,Z ;если адрес уже 0х70 - заканчиваем отправку данных
0064   2???           00131         goto send_next_byte     
                      00132         SET_BANK0
0065   1283               M         bcf STATUS, RP0
0066   1303               M         bcf STATUS, RP1 
0067   1606           00133         bsf CS ;CS=1
0068   ???? ???? 2??? 00134         lcall pause_3us ;пауза 3 мкс
006B   ???? ????      00135         pagesel $
006D   0008           00136         return
006E                  00137 send_zero
006E   2???           00138         call SET_ZERO ;подача логического нуля на драйвер дисплея       
006F   2???           00139         goto shift_bit
                      00140 ;--------------------------------------------------------------------------
                      00141 ;- Вывести символ в указанной позиции
                      00142 ;PrintSimb(SimbCode, Simb_Pos)
                      00143 ;SimbCode - ASCII код выводимого символа при вызове загружен в аккумулятор
                      00144 ;Simb_Pos – позиция в которой выводить символ (от 1 до 16: 1-5 первая строка, 6-10 вторая строка, 11-16 
                            третья строка)
0070                  00145 PrintSimb
0070   ???? ???? 2??? 00146         lcall ASCII_to_LCDcode ;w=LCDcode(ASCIIcode)
0073   ???? ????      00147         pagesel $
0075   00??           00148         movwf buf_temp
0076   0804           00149         movf FSR,0 ;сохраняем FSR
0077   00??           00150         movwf simb_temp
                      00151 
0078   08??           00152         movf simb_pos,0
0079   3C10           00153         sublw .16 ;w=16-simb_pos
007A   3E??           00154         addlw Display_Data ;w=Display_Data+16-simb_pos
007B   0084           00155         movwf FSR
MPASM  5.51                     TM1621LCD.ASM   2-22-2018  13:03:13         PAGE  5


LOC  OBJECT CODE     LINE SOURCE TEXT
  VALUE

007C   08??           00156         movf buf_temp,0
007D   0080           00157         movwf INDF
                      00158 
007E   08??           00159         movf simb_temp,0
007F   0084           00160         movwf FSR ;восстанавливаем FSR
                      00161         
0080   30??           00162         movlw Display_Data
0081   2???           00163         call Data_to_LCD
0082   0008           00164         return
                      00165 ;-----------------------------------------------------------------------
                      00166 ;- Преобразовать ASCII буфер (16 символов+2 байта с позициями запятых) в код для вывод на дисплей
                      00167 ;Convert_ASCII_to_LCD(lcd_data_addr, ASCII_data)
                      00168 ;lcd_data_addr - адрес ячейки начиная с которой располагается буфер для вывода на дисплей
                      00169 ;ASCII_data – данные в виде ASCII кода (поочередно – сначала 1я строка 5 символов, потом 2я строка 5 сим
                            волов, потом 3я строка 6 символов)
                      00170 ;буфер ASCII кода подается в аккумуляторе
                      00171 ;буфер дисплея 16 байт начиная с Display_Data
0083                  00172 Convert_ASCII_to_LCD
                      00173         ;ячейки буфера дисплея расположены противоположно ячекам разрядов в ASCII коде
0083   ???? ????      00174         banksel buf_temp
0085   00??           00175         movwf buf_temp
0086   0804           00176         movf FSR,0 ;сохраняем FSR
0087   00??           00177         movwf simb_temp
0088   3010           00178         movlw .16
0089   00??           00179         movwf counter
008A                  00180 nextASCII
008A   08??           00181         movf buf_temp,0
008B   0084           00182         movwf FSR
008C   0800           00183         movf INDF,0 ;W=ASCII[i]
008D   ???? ???? 2??? 00184         lcall ASCII_to_LCDcode ;w=LCDcode[i]
0090   ???? ????      00185         pagesel $
0092   00??           00186         movwf temp
0093   03??           00187         decf counter,0 ;W=counter-1
0094   3E??           00188         addlw Display_Data ;W=[Display_Data]+counter-1 т.е. адрес ячейки буфера в кот. надо писать
0095   0084           00189         movwf FSR
0096   08??           00190         movf temp,0
0097   0080           00191         movwf INDF ;Display_Data[j]=LCDcode[i]
0098   0A??           00192         incf buf_temp,1
0099   0B??           00193         decfsz counter,1
009A   2???           00194         goto nextASCII
                      00195 
009B   08??           00196         movf buf_temp,0 ;сейчас здесь адрес позиций запятых 
009C   2???           00197         call koma_set ;расставляем запятые
                      00198         
009D   08??           00199         movf simb_temp,0
009E   0084           00200         movwf FSR ;восстанавливаем FSR
009F   0008           00201         return
                      00202 ;-----------------------------------------------------------------------
                      00203 ;установка запятых в зависимости от состояния переменной записанной
                      00204 ;в двух байтах начиная с адреса указанного в аккумуляторе
00A0                  00205 koma_set
00A0   ???? ????      00206         banksel temp
00A2   0084           00207         movwf FSR
MPASM  5.51                     TM1621LCD.ASM   2-22-2018  13:03:13         PAGE  6


LOC  OBJECT CODE     LINE SOURCE TEXT
  VALUE

00A3   0800           00208         movf INDF,0
00A4   00??           00209         movwf temp
00A5   0A84           00210         incf FSR,1
00A6   0800           00211         movf INDF,0
00A7   00??           00212         movwf temp2
                      00213 
00A8   30??           00214         movlw Display_Data ;изначально удаляем все запятые 
00A9   0084           00215         movwf FSR ;чтоб потом поставить в нужном месте
00AA   3010           00216         movlw .16
00AB   00??           00217         movwf counter
00AC                  00218 next_koma
00AC   1380           00219         bcf INDF, 7
00AD   0A84           00220         incf FSR,1
00AE   0B??           00221         decfsz counter,1
00AF   2???           00222         goto next_koma  
                      00223 
00B0                  00224 koma_set1
                      00225         ;точка у нас 7й бит кода символа поэтому проверяем koma и ставим ее если нужно
00B0   1B80           00226         btfsc temp,7
00B1   1780           00227         bsf Display_Data+.15,7
00B2   1B00           00228         btfsc temp,6
00B3   1780           00229         bsf Display_Data+.14,7
00B4   1A80           00230         btfsc temp,5
00B5   1780           00231         bsf Display_Data+.13,7
00B6   1A00           00232         btfsc temp,4
00B7   1780           00233         bsf Display_Data+.12,7
00B8   1980           00234         btfsc temp,3
00B9   1780           00235         bsf Display_Data+.11,7
00BA                  00236 koma_set2
00BA   1900           00237         btfsc temp,2
00BB   1780           00238         bsf Display_Data+.10,7
00BC   1880           00239         btfsc temp,1
00BD   1780           00240         bsf Display_Data+.9,7
00BE   1800           00241         btfsc temp,0
00BF   1780           00242         bsf Display_Data+.8,7
00C0   1B80           00243         btfsc temp2,7
00C1   1780           00244         bsf Display_Data+.7,7
00C2   1B00           00245         btfsc temp2,6
00C3   1780           00246         bsf Display_Data+.6,7
00C4                  00247 koma_set3
00C4   1A80           00248         btfsc temp2,5
00C5   1780           00249         bsf Display_Data+.5,7
00C6   1A00           00250         btfsc temp2,4
00C7   1780           00251         bsf Display_Data+.4,7
00C8   1980           00252         btfsc temp2,3
00C9   1780           00253         bsf Display_Data+.3,7
00CA   1900           00254         btfsc temp2,2
00CB   1780           00255         bsf Display_Data+.2,7
00CC   1880           00256         btfsc temp2,1
00CD   1780           00257         bsf Display_Data+.1,7
00CE   1800           00258         btfsc temp2,0
00CF   1780           00259         bsf Display_Data,7
00D0   0008           00260         return
MPASM  5.51                     TM1621LCD.ASM   2-22-2018  13:03:13         PAGE  7


LOC  OBJECT CODE     LINE SOURCE TEXT
  VALUE

                      00261 ;-----------------------------------------------------------------------
                      00262 ;- Установить запятую
                      00263 ;SetKoma(komaPos)
                      00264 ;KomaPos – разряд перед которым надо поставить запятую
                      00265 ;в аккумуляторе адрес области из двух байт с позициями запятых
00D1                  00266 SetKoma
00D1   ???? ????      00267         banksel buf_temp
00D3   00??           00268         movwf buf_temp
00D4   0804           00269         movf FSR,0 ;сохраняем FSR
00D5   00??           00270         movwf simb_temp
00D6   08??           00271         movf buf_temp,0
00D7   0084           00272         movwf FSR
00D8   ???? ????      00273         banksel KomaPos
00DA   08??           00274         movf KomaPos,0
00DB   3A01           00275         xorlw .1
00DC   1903           00276         btfsc STATUS,Z
00DD   1780           00277         bsf INDF,7
00DE   08??           00278         movf KomaPos,0
00DF   3A02           00279         xorlw .2
00E0   1903           00280         btfsc STATUS,Z
00E1   1700           00281         bsf INDF,6
00E2   08??           00282         movf KomaPos,0
00E3   3A03           00283         xorlw .3
00E4   1903           00284         btfsc STATUS,Z
00E5   1680           00285         bsf INDF,5
00E6   08??           00286         movf KomaPos,0
00E7   3A04           00287         xorlw .4
00E8   1903           00288         btfsc STATUS,Z
00E9   1600           00289         bsf INDF,4
00EA   08??           00290         movf KomaPos,0
00EB   3A05           00291         xorlw .5
00EC   1903           00292         btfsc STATUS,Z
00ED   1580           00293         bsf INDF,3
00EE   08??           00294         movf KomaPos,0
00EF   3A06           00295         xorlw .6
00F0   1903           00296         btfsc STATUS,Z
00F1   1500           00297         bsf INDF,2
00F2   08??           00298         movf KomaPos,0
00F3   3A07           00299         xorlw .7
00F4   1903           00300         btfsc STATUS,Z
00F5   1480           00301         bsf INDF,1
00F6   08??           00302         movf KomaPos,0
00F7   3A08           00303         xorlw .8
00F8   1903           00304         btfsc STATUS,Z
00F9   1400           00305         bsf INDF,0
00FA   0A84           00306         incf FSR,1
00FB   08??           00307         movf KomaPos,0
00FC   3A09           00308         xorlw .9
00FD   1903           00309         btfsc STATUS,Z
00FE   1780           00310         bsf INDF,7
00FF   08??           00311         movf KomaPos,0
0100   3A0A           00312         xorlw .10
0101   1903           00313         btfsc STATUS,Z
MPASM  5.51                     TM1621LCD.ASM   2-22-2018  13:03:13         PAGE  8


LOC  OBJECT CODE     LINE SOURCE TEXT
  VALUE

0102   1700           00314         bsf INDF,6
0103   08??           00315         movf KomaPos,0
0104   3A0B           00316         xorlw .11
0105   1903           00317         btfsc STATUS,Z
0106   1680           00318         bsf INDF,5
0107   08??           00319         movf KomaPos,0
0108   3A0C           00320         xorlw .12
0109   1903           00321         btfsc STATUS,Z
010A   1600           00322         bsf INDF,4
010B   08??           00323         movf KomaPos,0
010C   3A0D           00324         xorlw .13
010D   1903           00325         btfsc STATUS,Z
010E   1580           00326         bsf INDF,3
010F   08??           00327         movf KomaPos,0
0110   3A0E           00328         xorlw .14
0111   1903           00329         btfsc STATUS,Z
0112   1500           00330         bsf INDF,2
0113   08??           00331         movf KomaPos,0
0114   3A0F           00332         xorlw .15
0115   1903           00333         btfsc STATUS,Z
0116   1480           00334         bsf INDF,1
0117   08??           00335         movf KomaPos,0
0118   3A10           00336         xorlw .16
0119   1903           00337         btfsc STATUS,Z
011A   1400           00338         bsf INDF,0
011B   08??           00339         movf simb_temp,0
011C   0084           00340         movwf FSR ;восстанавливаем FSR
011D   0008           00341         return
                      00342 ;-----------------------------------------------------------------------
                      00343 ;- Убрать запятую
                      00344 ;ClrKoma(komaPos)
                      00345 ;KomaPos – разряд перед которым надо убрать запятую
                      00346 ;в аккумуляторе адрес области из двух байт с позициями запятых
011E                  00347 ClrKoma
011E   ???? ????      00348         banksel buf_temp
0120   00??           00349         movwf buf_temp
0121   0804           00350         movf FSR,0 ;сохраняем FSR
0122   00??           00351         movwf simb_temp
0123   08??           00352         movf buf_temp,0
0124   0084           00353         movwf FSR
0125   ???? ????      00354         banksel KomaPos
0127   08??           00355         movf KomaPos,0
0128   3A01           00356         xorlw .1
0129   1903           00357         btfsc STATUS,Z
012A   1380           00358         bcf INDF,7
012B   08??           00359         movf KomaPos,0
012C   3A02           00360         xorlw .2
012D   1903           00361         btfsc STATUS,Z
012E   1300           00362         bcf INDF,6
012F   08??           00363         movf KomaPos,0
0130   3A03           00364         xorlw .3
0131   1903           00365         btfsc STATUS,Z
0132   1280           00366         bcf INDF,5
MPASM  5.51                     TM1621LCD.ASM   2-22-2018  13:03:13         PAGE  9


LOC  OBJECT CODE     LINE SOURCE TEXT
  VALUE

0133   08??           00367         movf KomaPos,0
0134   3A04           00368         xorlw .4
0135   1903           00369         btfsc STATUS,Z
0136   1200           00370         bcf INDF,4
0137   08??           00371         movf KomaPos,0
0138   3A05           00372         xorlw .5
0139   1903           00373         btfsc STATUS,Z
013A   1180           00374         bcf INDF,3
013B   08??           00375         movf KomaPos,0
013C   3A06           00376         xorlw .6
013D   1903           00377         btfsc STATUS,Z
013E   1100           00378         bcf INDF,2
013F   08??           00379         movf KomaPos,0
0140   3A07           00380         xorlw .7
0141   1903           00381         btfsc STATUS,Z
0142   1080           00382         bcf INDF,1
0143   08??           00383         movf KomaPos,0
0144   3A08           00384         xorlw .8
0145   1903           00385         btfsc STATUS,Z
0146   1000           00386         bcf INDF,0
0147   0A84           00387         incf FSR,1
0148   08??           00388         movf KomaPos,0
0149   3A09           00389         xorlw .9
014A   1903           00390         btfsc STATUS,Z
014B   1380           00391         bcf INDF,7
014C   08??           00392         movf KomaPos,0
014D   3A0A           00393         xorlw .10
014E   1903           00394         btfsc STATUS,Z
014F   1300           00395         bcf INDF,6
0150   08??           00396         movf KomaPos,0
0151   3A0B           00397         xorlw .11
0152   1903           00398         btfsc STATUS,Z
0153   1280           00399         bcf INDF,5
0154   08??           00400         movf KomaPos,0
0155   3A0C           00401         xorlw .12
0156   1903           00402         btfsc STATUS,Z
0157   1200           00403         bcf INDF,4
0158   08??           00404         movf KomaPos,0
0159   3A0D           00405         xorlw .13
015A   1903           00406         btfsc STATUS,Z
015B   1180           00407         bcf INDF,3
015C   08??           00408         movf KomaPos,0
015D   3A0E           00409         xorlw .14
015E   1903           00410         btfsc STATUS,Z
015F   1100           00411         bcf INDF,2
0160   08??           00412         movf KomaPos,0
0161   3A0F           00413         xorlw .15
0162   1903           00414         btfsc STATUS,Z
0163   1080           00415         bcf INDF,1
0164   08??           00416         movf KomaPos,0
0165   3A10           00417         xorlw .16
0166   1903           00418         btfsc STATUS,Z
0167   1000           00419         bcf INDF,0
MPASM  5.51                     TM1621LCD.ASM   2-22-2018  13:03:13         PAGE 10


LOC  OBJECT CODE     LINE SOURCE TEXT
  VALUE

0168   08??           00420         movf simb_temp,0
0169   0084           00421         movwf FSR ;восстанавливаем FSR
016A   0008           00422         return
                      00423 ;-----------------------------------------------------------------------
                      00424 ;- Вывести сообщение в первой строке
                      00425 ;PrintFirstStr(MsgAddr)
                      00426 ;MsgAddr – адрес начала области памяти где хранятся 5 символов в ASCII коде для вывода в первую строку
                      00427 ;- Вывести сообщение во второй строке
                      00428 ;адрес начала области 5 байт указываем в аккумуляторе
                      00429 ;буфер дисплея 16 байт начиная с Display_Data
016B                  00430 PrintFirstStr
                      00431 ;по сути тоже самое что и для всего дисплея 
                      00432 ;только для ускорения преобразовываем только ASCII коды первой строки
016B   ???? ????      00433         banksel buf_temp
016D   00??           00434         movwf buf_temp
016E   0804           00435         movf FSR,0 ;сохраняем FSR
016F   00??           00436         movwf simb_temp
                      00437 
0170   3005           00438         movlw .5
0171   00??           00439         movwf counter
0172                  00440 nextASCII_1
0172   08??           00441         movf buf_temp,0
0173   0084           00442         movwf FSR
0174   0800           00443         movf INDF,0 ;W=ASCII[i]
0175   ???? ???? 2??? 00444         lcall ASCII_to_LCDcode ;w=LCDcode[i]
0178   ???? ????      00445         pagesel $
017A   00??           00446         movwf temp
017B   300A           00447         movlw .10
017C   07??           00448         addwf counter,0 ;W=counter+10
017D   3E??           00449         addlw Display_Data ;W=[Display_Data]+counter+10 т.е. адрес ячейки буфера в кот. надо писать
017E   0084           00450         movwf FSR
017F   08??           00451         movf temp,0
0180   0080           00452         movwf INDF ;Display_Data[j]=LCDcode[i]
0181   0A??           00453         incf buf_temp,1
0182   0B??           00454         decfsz counter,1
0183   2???           00455         goto nextASCII_1
                      00456 
0184   08??           00457         movf buf_temp,0
0185   3E0B           00458         addlw .11 ;адрес позиций запятых
0186   2???           00459         call koma_set ;расставляем запятые
                      00460 
0187   08??           00461         movf simb_temp,0
0188   0084           00462         movwf FSR ;восстанавливаем FSR
                      00463         
0189   30??           00464         movlw Display_Data
018A   2???           00465         call Data_to_LCD
018B   0008           00466         return
                      00467 ;-----------------------------------------------------------------------
                      00468 ;- Вывести сообщение в 2ой строке
                      00469 ;PrintSecondStr(MsgAddr)
                      00470 ;MsgAddr – адрес начала области памяти где хранятся 5 символов в ASCII коде для вывода в первую строку
                      00471 ;- Вывести сообщение во второй строке
                      00472 ;адрес начала области 5 байт указываем в аккумуляторе
MPASM  5.51                     TM1621LCD.ASM   2-22-2018  13:03:13         PAGE 11


LOC  OBJECT CODE     LINE SOURCE TEXT
  VALUE

                      00473 ;буфер дисплея 16 байт начиная с Display_Data
018C                  00474 PrintSecondStr
                      00475 ;по сути тоже самое что и для всего дисплея 
                      00476 ;только для ускорения преобразовываем только ASCII коды 2ой строки
018C   ???? ????      00477         banksel buf_temp
018E   00??           00478         movwf buf_temp
018F   0804           00479         movf FSR,0 ;сохраняем FSR
0190   00??           00480         movwf simb_temp
                      00481 
0191   3005           00482         movlw .5
0192   00??           00483         movwf counter
0193                  00484 nextASCII_2
0193   08??           00485         movf buf_temp,0
0194   0084           00486         movwf FSR
0195   0800           00487         movf INDF,0 ;W=ASCII[i]
0196   ???? ???? 2??? 00488         lcall ASCII_to_LCDcode ;w=LCDcode[i]
0199   ???? ????      00489         pagesel $
019B   00??           00490         movwf temp
019C   3005           00491         movlw .5
019D   07??           00492         addwf counter,0 ;W=counter+5
019E   3E??           00493         addlw Display_Data ;W=[Display_Data]+counter+5 т.е. адрес ячейки буфера в кот. надо писать
019F   0084           00494         movwf FSR
01A0   08??           00495         movf temp,0
01A1   0080           00496         movwf INDF ;Display_Data[j]=LCDcode[i]
01A2   0A??           00497         incf buf_temp,1
01A3   0B??           00498         decfsz counter,1
01A4   2???           00499         goto nextASCII_2
                      00500 
01A5   08??           00501         movf buf_temp,0
01A6   3E06           00502         addlw .6 ;адрес позиций запятых 
01A7   2???           00503         call koma_set ;расставляем запятые
                      00504 
01A8   08??           00505         movf simb_temp,0
01A9   0084           00506         movwf FSR ;восстанавливаем FSR
                      00507         
01AA   30??           00508         movlw Display_Data
01AB   2???           00509         call Data_to_LCD
01AC   0008           00510         return
                      00511 ;-----------------------------------------------------------------------
                      00512 ;- Вывести сообщение в 3й строке
                      00513 ;PrintThirdStr(MsgAddr)
                      00514 ;MsgAddr – адрес начала области памяти где хранятся 6 символов в ASCII коде для вывода в первую строку
                      00515 ;- Вывести сообщение во второй строке
                      00516 ;адрес начала области 6 байт указываем в аккумуляторе
                      00517 ;буфер дисплея 16 байт начиная с Display_Data
01AD                  00518 PrintThirdStr
                      00519 ;по сути тоже самое что и для всего дисплея 
                      00520 ;только для ускорения преобразовываем только ASCII коды 3й строки
01AD   ???? ????      00521         banksel buf_temp
01AF   00??           00522         movwf buf_temp
01B0   0804           00523         movf FSR,0 ;сохраняем FSR
01B1   00??           00524         movwf simb_temp
                      00525 
MPASM  5.51                     TM1621LCD.ASM   2-22-2018  13:03:13         PAGE 12


LOC  OBJECT CODE     LINE SOURCE TEXT
  VALUE

01B2   3006           00526         movlw .6
01B3   00??           00527         movwf counter
01B4                  00528 nextASCII_3
01B4   08??           00529         movf buf_temp,0
01B5   0084           00530         movwf FSR
01B6   0800           00531         movf INDF,0 ;W=ASCII[i]
01B7   ???? ???? 2??? 00532         lcall ASCII_to_LCDcode ;w=LCDcode[i]
01BA   ???? ????      00533         pagesel $
01BC   00??           00534         movwf temp
01BD   03??           00535         decf counter,0 ;W=counter-1
01BE   3E??           00536         addlw Display_Data ;W=[Display_Data]+counter-1 т.е. адрес ячейки буфера в кот. надо писать
01BF   0084           00537         movwf FSR
01C0   08??           00538         movf temp,0
01C1   0080           00539         movwf INDF ;Display_Data[j]=LCDcode[i]
01C2   0A??           00540         incf buf_temp,1
01C3   0B??           00541         decfsz counter,1
01C4   2???           00542         goto nextASCII_3
                      00543 
01C5   08??           00544         movf buf_temp,0 ;адрес позиций запятых
01C6   2???           00545         call koma_set ;расставляем запятые
                      00546 
01C7   08??           00547         movf simb_temp,0
01C8   0084           00548         movwf FSR ;восстанавливаем FSR
                      00549         
01C9   30??           00550         movlw Display_Data
01CA   2???           00551         call Data_to_LCD
01CB   0008           00552         return
                      00553 ;-----------------------------------------------------------------------
                      00554 ;- Вывести сообщение во все строки (16 символов)
                      00555 ;PrintMsg(MsgAddr)
                      00556 ;MsgAddr – адрес начала области памяти где хранятся 16 символов в ASCII коде для вывода на дисплей
                      00557 ;и 2 байта с позициями запятых
                      00558 ;адрес начала области 18 байт указываем в аккумуляторе
                      00559 ;буфер дисплея 16 байт начиная с Display_Data
01CC                  00560 PrintMsg
01CC   2???           00561         call Convert_ASCII_to_LCD
01CD   30??           00562         movlw Display_Data
01CE   2???           00563         call Data_to_LCD        
01CF   0008           00564         return
                      00565 ;-----------------------------------------------------------------------
01D0                  00566 SET_ZERO ;подача логического нуля на драйвер дисплея
                      00567         SET_BANK0
01D0   1283               M         bcf STATUS, RP0
01D1   1303               M         bcf STATUS, RP1 
01D2   1386           00568         bcf DATA_PIN ;DATA=0
01D3   0000           00569         nop
01D4   1686           00570         bsf WR ;WR=1
01D5   ???? ???? 2??? 00571         lcall pause_5us ;пауза 3 мкс
01D8   ???? ????      00572         pagesel $
                      00573         SET_BANK0
01DA   1283               M         bcf STATUS, RP0
01DB   1303               M         bcf STATUS, RP1 
01DC   1286           00574         bcf WR ;WR=0
MPASM  5.51                     TM1621LCD.ASM   2-22-2018  13:03:13         PAGE 13


LOC  OBJECT CODE     LINE SOURCE TEXT
  VALUE

01DD   1386           00575         bcf DATA_PIN ;DATA=0
01DE   ???? ???? 2??? 00576         lcall pause_5us ;пауза 3 мкс
01E1   ???? ????      00577         pagesel $
01E3   0008           00578         return
                      00579 ;--------------------------------------------------------------------------
01E4                  00580 SET_ONE ;подача логической единицы на драйвер дисплея
                      00581         SET_BANK0
01E4   1283               M         bcf STATUS, RP0
01E5   1303               M         bcf STATUS, RP1 
01E6   1786           00582         bsf DATA_PIN ;DATA=1
01E7   0000           00583         nop
01E8   1686           00584         bsf WR ;WR=1
01E9   ???? ???? 2??? 00585         lcall pause_5us ;пауза 3 мкс
01EC   ???? ????      00586         pagesel $
                      00587         SET_BANK0
01EE   1283               M         bcf STATUS, RP0
01EF   1303               M         bcf STATUS, RP1 
01F0   1286           00588         bcf WR ;WR=0
01F1   1386           00589         bcf DATA_PIN ;DATA=0
01F2   ???? ???? 2??? 00590         lcall pause_5us ;пауза 3 мкс
01F5   ???? ????      00591         pagesel $
01F7   0008           00592         return
                      00593 ;--------------------------------------------------------------------------
01F8                  00594 WRITE ;команда драйвера дисплея (запись данных) 101
                      00595         SET_BANK0
01F8   1283               M         bcf STATUS, RP0
01F9   1303               M         bcf STATUS, RP1 
01FA   1206           00596         bcf CS ;CS=0
01FB   ???? ???? 2??? 00597         lcall pause_5us ;пауза 3 мкс
01FE   ???? ????      00598         pagesel $
0200   2???           00599         call SET_ONE ;подача логической единицы на драйвер дисплея
0201   2???           00600         call SET_ZERO ;подача логического нуля на драйвер дисплея
0202   2???           00601         call SET_ONE ;подача логической единицы на драйвер дисплея
0203   0008           00602         return
                      00603 ;--------------------------------------------------------------------------
0204                  00604 COMMAND;команда драйвера дисплея (команда кправления) 100
0204   1206           00605         bcf CS ;CS=0
0205   2???           00606         call pause_5us ;пауза 3 мкс
0206   2???           00607         call SET_ONE ;подача логической единицы на драйвер дисплея
0207   2???           00608         call SET_ZERO ;подача логического нуля на драйвер дисплея
0208   2???           00609         call SET_ZERO ;подача логического нуля на драйвер дисплея
0209   0008           00610         return
                      00611 ;--------------------------------------------------------------------------
020A                  00612 TONE4K ;команда TONE4K согласно документации на драйвер 100 010000000
020A   2???           00613         call COMMAND;команда драйвера дисплея (команда управления) 100
020B   2???           00614         call SET_ZERO ;подача логического нуля на драйвер дисплея
020C   2???           00615         call SET_ONE ;подача логической единицы на драйвер дисплея
020D   2???           00616         call SET_ZERO ;подача логического нуля на драйвер дисплея
020E   2???           00617         call SET_ZERO ;подача логического нуля на драйвер дисплея
020F   2???           00618         call SET_ZERO ;подача логического нуля на драйвер дисплея
0210   2???           00619         call SET_ZERO ;подача логического нуля на драйвер дисплея
0211   2???           00620         call SET_ZERO ;подача логического нуля на драйвер дисплея
0212   2???           00621         call SET_ZERO ;подача логического нуля на драйвер дисплея
MPASM  5.51                     TM1621LCD.ASM   2-22-2018  13:03:13         PAGE 14


LOC  OBJECT CODE     LINE SOURCE TEXT
  VALUE

0213   2???           00622         call SET_ZERO ;подача логического нуля на драйвер дисплея
0214   1606           00623         bsf CS ;CS=1
0215   2???           00624         call pause_5us ;пауза 3 мкс
0216   0008           00625         return
                      00626 ;--------------------------------------------------------------------------
0217                  00627 TNORMAL ;команда TNORMAL согласно документации на драйвер 100 111000111
0217   2???           00628         call COMMAND;команда драйвера дисплея (команда управления) 100
0218   2???           00629         call SET_ONE ;подача логической единицы на драйвер дисплея
0219   2???           00630         call SET_ONE ;подача логической единицы на драйвер дисплея
021A   2???           00631         call SET_ONE ;подача логической единицы на драйвер дисплея
021B   2???           00632         call SET_ZERO ;подача логического нуля на драйвер дисплея
021C   2???           00633         call SET_ZERO ;подача логического нуля на драйвер дисплея
021D   2???           00634         call SET_ZERO ;подача логического нуля на драйвер дисплея
021E   2???           00635         call SET_ONE ;подача логической единицы на драйвер дисплея
021F   2???           00636         call SET_ONE ;подача логической единицы на драйвер дисплея
0220   2???           00637         call SET_ONE ;подача логической единицы на драйвер дисплея
0221   1606           00638         bsf CS ;CS=1
0222   2???           00639         call pause_5us ;пауза 3 мкс
0223   0008           00640         return
                      00641 ;--------------------------------------------------------------------------
0224                  00642 SYS_EN ;команда SYS EN согласно документации на драйвер 100 000000011
0224   2???           00643         call COMMAND;команда драйвера дисплея (команда управления) 100
0225   ???? ????      00644         banksel counter
0227   3007           00645         movlw .7
0228   00??           00646         movwf counter
0229                  00647 send_zero_1
0229   2???           00648         call SET_ZERO ;подача логического нуля на драйвер дисплея
022A   ???? ????      00649         banksel counter
022C   0B??           00650         decfsz counter,1
022D   2???           00651         goto send_zero_1        
022E   2???           00652         call SET_ONE ;подача логической единицы на драйвер дисплея
022F   2???           00653         call SET_ONE ;подача логической единицы на драйвер дисплея
                      00654         SET_BANK0
0230   1283               M         bcf STATUS, RP0
0231   1303               M         bcf STATUS, RP1 
0232   1606           00655         bsf CS ;CS=1
0233   ???? ???? 2??? 00656         lcall pause_5us ;пауза 3 мкс
0236   ???? ????      00657         pagesel $       
0238   0008           00658         return
                      00659 ;--------------------------------------------------------------------------
0239                  00660 RC_256K ;команда RC_256K согласно документации на драйвер 100 000110000
0239   2???           00661         call COMMAND;команда драйвера дисплея (команда управления) 100
023A   2???           00662         call SET_ZERO ;подача логического нуля на драйвер дисплея
023B   2???           00663         call SET_ZERO ;подача логического нуля на драйвер дисплея
023C   2???           00664         call SET_ZERO ;подача логического нуля на драйвер дисплея
023D   2???           00665         call SET_ONE ;подача логической единицы на драйвер дисплея
023E   2???           00666         call SET_ONE ;подача логической единицы на драйвер дисплея
023F   2???           00667         call SET_ZERO ;подача логического нуля на драйвер дисплея
0240   2???           00668         call SET_ZERO ;подача логического нуля на драйвер дисплея
0241   2???           00669         call SET_ZERO ;подача логического нуля на драйвер дисплея
0242   2???           00670         call SET_ZERO ;подача логического нуля на драйвер дисплея
                      00671         SET_BANK0
0243   1283               M         bcf STATUS, RP0
MPASM  5.51                     TM1621LCD.ASM   2-22-2018  13:03:13         PAGE 15


LOC  OBJECT CODE     LINE SOURCE TEXT
  VALUE

0244   1303               M         bcf STATUS, RP1 
0245   1606           00672         bsf CS ;CS=1
0246   ???? ???? 2??? 00673         lcall pause_5us ;пауза 3 мкс
0249   ???? ????      00674         pagesel $
024B   0008           00675         return
                      00676 ;--------------------------------------------------------------------------
024C                  00677 BIAS_1_3 ;команда BIAS ab=10:4 LCD 1/3 согласно документации на драйвер 100 001010011
024C   2???           00678         call COMMAND;команда драйвера дисплея (команда управления) 100
024D   2???           00679         call SET_ZERO ;подача логического нуля на драйвер дисплея
024E   2???           00680         call SET_ZERO ;подача логического нуля на драйвер дисплея
024F   2???           00681         call SET_ONE ;подача логической единицы на драйвер дисплея
0250   2???           00682         call SET_ZERO ;подача логического нуля на драйвер дисплея
0251   2???           00683         call SET_ONE ;подача логической единицы на драйвер дисплея
0252   2???           00684         call SET_ZERO ;подача логического нуля на драйвер дисплея
0253   2???           00685         call SET_ZERO ;подача логического нуля на драйвер дисплея
0254   2???           00686         call SET_ONE ;подача логической единицы на драйвер дисплея
0255   2???           00687         call SET_ONE ;подача логической единицы на драйвер дисплея
                      00688         SET_BANK0
0256   1283               M         bcf STATUS, RP0
0257   1303               M         bcf STATUS, RP1 
0258   1606           00689         bsf CS ;CS=1
0259   ???? ???? 2??? 00690         lcall pause_5us ;пауза 3 мкс
025C   ???? ????      00691         pagesel $       
025E   0008           00692         return
                      00693 ;--------------------------------------------------------------------------
025F                  00694 LCD_OFF ;команда LCD OFF согласно документации на драйвер 100 000000100
025F   2???           00695         call COMMAND;команда драйвера дисплея (команда управления) 100
0260   ???? ????      00696         banksel counter
0262   3006           00697         movlw .6
0263   00??           00698         movwf counter
0264                  00699 send_zero_2
0264   2???           00700         call SET_ZERO ;подача логического нуля на драйвер дисплея
0265   ???? ????      00701         banksel counter
0267   0B??           00702         decfsz counter,1
0268   2???           00703         goto send_zero_2        
0269   2???           00704         call SET_ONE ;подача логической единицы на драйвер дисплея
026A   2???           00705         call SET_ZERO ;подача логического нуля на драйвер дисплея
026B   2???           00706         call SET_ZERO ;подача логического нуля на драйвер дисплея
                      00707         SET_BANK0
026C   1283               M         bcf STATUS, RP0
026D   1303               M         bcf STATUS, RP1 
026E   1606           00708         bsf CS ;CS=1
026F   ???? ???? 2??? 00709         lcall pause_5us ;пауза 3 мкс
0272   ???? ????      00710         pagesel $       
0274   0008           00711         return
                      00712 ;--------------------------------------------------------------------------
0275                  00713 LCD_ON ;команда LCD ON согласно документации на драйвер 100 000000111
0275   2???           00714         call COMMAND;команда драйвера дисплея (команда управления) 100
0276   ???? ????      00715         banksel counter
0278   3006           00716         movlw .6
0279   00??           00717         movwf counter
027A                  00718 send_zero_3
027A   2???           00719         call SET_ZERO ;подача логического нуля на драйвер дисплея
MPASM  5.51                     TM1621LCD.ASM   2-22-2018  13:03:13         PAGE 16


LOC  OBJECT CODE     LINE SOURCE TEXT
  VALUE

027B   ???? ????      00720         banksel counter
027D   0B??           00721         decfsz counter,1
027E   2???           00722         goto send_zero_3        
027F   2???           00723         call SET_ONE ;подача логической единицы на драйвер дисплея
0280   2???           00724         call SET_ONE ;подача логической единицы на драйвер дисплея
0281   2???           00725         call SET_ONE ;подача логической единицы на драйвер дисплея
                      00726         SET_BANK0
0282   1283               M         bcf STATUS, RP0
0283   1303               M         bcf STATUS, RP1 
0284   1606           00727         bsf CS ;CS=1
0285   ???? ???? 2??? 00728         lcall pause_5us ;пауза 3 мкс
0288   ???? ????      00729         pagesel $       
028A   0008           00730         return
                      00731 ;-----------------------------------------------------------------------------
                      00732 ;- Преобразовать символ в коде ASCII в код дисплея
                      00733 ;ASCII_to_LCDcode(ASCIIcode):LCDcode
                      00734 ;ASCIIcode - символ в коде ASCII
                      00735 ;LCDcode - символ в коде дисплея
                      00736 ;входные данные ASCIIcode подается в аккумулятора 
                      00737 ;и выходные данные LCDcode выдаются в аккумуляторе
028B                  00738 ASCII_to_LCDcode
                      00739 ;поочередно сравниваем символы
028B   ???? ????      00740         banksel temp
028D   00??           00741         movwf temp
028E   3A30           00742         xorlw '0'
028F   1903           00743         btfsc STATUS,Z
0290   347D           00744         retlw simb0
                      00745 
0291   08??           00746         movf temp,0
0292   3A31           00747         xorlw '1'
0293   1903           00748         btfsc STATUS,Z  
0294   3460           00749         retlw simb1             
                      00750 
0295   08??           00751         movf temp,0
0296   3A32           00752         xorlw '2'
0297   1903           00753         btfsc STATUS,Z  
0298   343E           00754         retlw simb2
                      00755         
0299   08??           00756         movf temp,0
029A   3A33           00757         xorlw '3'
029B   1903           00758         btfsc STATUS,Z  
029C   347A           00759         retlw simb3
                      00760 
029D   08??           00761         movf temp,0
029E   3A34           00762         xorlw '4'
029F   1903           00763         btfsc STATUS,Z  
02A0   3463           00764         retlw simb4     
                      00765 
02A1   08??           00766         movf temp,0
02A2   3A35           00767         xorlw '5'
02A3   1903           00768         btfsc STATUS,Z  
02A4   345B           00769         retlw simb5             
                      00770 
MPASM  5.51                     TM1621LCD.ASM   2-22-2018  13:03:13         PAGE 17


LOC  OBJECT CODE     LINE SOURCE TEXT
  VALUE

02A5   08??           00771         movf temp,0
02A6   3A36           00772         xorlw '6'
02A7   1903           00773         btfsc STATUS,Z  
02A8   345F           00774         retlw simb6     
                      00775 
02A9   08??           00776         movf temp,0
02AA   3A37           00777         xorlw '7'
02AB   1903           00778         btfsc STATUS,Z  
02AC   3470           00779         retlw simb7     
                      00780 
02AD   08??           00781         movf temp,0
02AE   3A38           00782         xorlw '8'
02AF   1903           00783         btfsc STATUS,Z  
02B0   347F           00784         retlw simb8     
                      00785 
02B1   08??           00786         movf temp,0
02B2   3A39           00787         xorlw '9'
02B3   1903           00788         btfsc STATUS,Z  
02B4   347B           00789         retlw simb9
                      00790 
02B5   08??           00791         movf temp,0
02B6   3A41           00792         xorlw 'A'
02B7   1903           00793         btfsc STATUS,Z  
02B8   3477           00794         retlw simbA     
                      00795 
02B9   08??           00796         movf temp,0
02BA   3A62           00797         xorlw 'b'
02BB   1903           00798         btfsc STATUS,Z  
02BC   344F           00799         retlw simbb     
                      00800 
02BD   08??           00801         movf temp,0
02BE   3A43           00802         xorlw 'C'
02BF   1903           00803         btfsc STATUS,Z  
02C0   341D           00804         retlw simbC
                      00805 
02C1   08??           00806         movf temp,0
02C2   3A64           00807         xorlw 'd'
02C3   1903           00808         btfsc STATUS,Z  
02C4   346E           00809         retlw simbd
                      00810 
02C5   08??           00811         movf temp,0
02C6   3A45           00812         xorlw 'E'
02C7   1903           00813         btfsc STATUS,Z  
02C8   341F           00814         retlw simbE     
                      00815 
02C9   08??           00816         movf temp,0
02CA   3A46           00817         xorlw 'F'
02CB   1903           00818         btfsc STATUS,Z  
02CC   3417           00819         retlw simbF
                      00820 
02CD   08??           00821         movf temp,0
02CE   3A47           00822         xorlw 'G'
02CF   1903           00823         btfsc STATUS,Z  
MPASM  5.51                     TM1621LCD.ASM   2-22-2018  13:03:13         PAGE 18


LOC  OBJECT CODE     LINE SOURCE TEXT
  VALUE

02D0   345D           00824         retlw simbG
                      00825 
02D1   08??           00826         movf temp,0
02D2   3A48           00827         xorlw 'H'
02D3   1903           00828         btfsc STATUS,Z  
02D4   3467           00829         retlw simbH
                      00830 
02D5   08??           00831         movf temp,0
02D6   3A4A           00832         xorlw 'J'
02D7   1903           00833         btfsc STATUS,Z  
02D8   346C           00834         retlw simbJ
                      00835 
02D9   08??           00836         movf temp,0
02DA   3A4C           00837         xorlw 'L'
02DB   1903           00838         btfsc STATUS,Z  
02DC   340D           00839         retlw simbL
                      00840 
02DD   08??           00841         movf temp,0
02DE   3A6E           00842         xorlw 'n'
02DF   1903           00843         btfsc STATUS,Z  
02E0   3446           00844         retlw simbn
                      00845 
02E1   08??           00846         movf temp,0
02E2   3A4F           00847         xorlw 'O'
02E3   1903           00848         btfsc STATUS,Z  
02E4   347D           00849         retlw simb0
                      00850 
02E5   08??           00851         movf temp,0
02E6   3A70           00852         xorlw 'p'
02E7   1903           00853         btfsc STATUS,Z  
02E8   3437           00854         retlw simbP
                      00855 
02E9   08??           00856         movf temp,0
02EA   3A72           00857         xorlw 'r'
02EB   1903           00858         btfsc STATUS,Z  
02EC   3406           00859         retlw simbr
                      00860 
02ED   08??           00861         movf temp,0
02EE   3A53           00862         xorlw 'S'
02EF   1903           00863         btfsc STATUS,Z  
02F0   345B           00864         retlw simb5
                      00865 
02F1   08??           00866         movf temp,0
02F2   3A74           00867         xorlw 't'
02F3   1903           00868         btfsc STATUS,Z  
02F4   340F           00869         retlw simbt
                      00870 
02F5   08??           00871         movf temp,0
02F6   3A55           00872         xorlw 'U'
02F7   1903           00873         btfsc STATUS,Z  
02F8   346D           00874         retlw simbU
                      00875 
02F9   08??           00876         movf temp,0
MPASM  5.51                     TM1621LCD.ASM   2-22-2018  13:03:13         PAGE 19


LOC  OBJECT CODE     LINE SOURCE TEXT
  VALUE

02FA   3A59           00877         xorlw 'Y'
02FB   1903           00878         btfsc STATUS,Z  
02FC   346B           00879         retlw simbY
                      00880 
02FD   08??           00881         movf temp,0
02FE   3A2D           00882         xorlw '-'
02FF   1903           00883         btfsc STATUS,Z  
0300   3402           00884         retlw simbmin
                      00885 
0301   08??           00886         movf temp,0
0302   3A20           00887         xorlw ' '
0303   1903           00888         btfsc STATUS,Z  
0304   3400           00889         retlw empty
0305   0008           00890         return
                      00891 ;---------------------------------------------------------------------------
                      00892         end
MPASM  5.51                     TM1621LCD.ASM   2-22-2018  13:03:13         PAGE 20


SYMBOL TABLE
  LABEL                             VALUE 

ABDEN                             00000000
ABDOVF                            00000007
ACKDT                             00000005
ACKEN                             00000004
ACKSTAT                           00000006
ADCON0                            0000001F
ADCON1                            0000009F
ADCS0                             00000006
ADCS1                             00000007
ADDEN                             00000003
ADFM                              00000007
ADIE                              00000006
ADIF                              00000006
ADON                              00000000
ADRESH                            0000001E
ADRESL                            0000009E
ANS0                              00000000
ANS1                              00000001
ANS10                             00000002
ANS11                             00000003
ANS12                             00000004
ANS13                             00000005
ANS2                              00000002
ANS3                              00000003
ANS4                              00000004
ANS5                              00000005
ANS6                              00000006
ANS7                              00000007
ANS8                              00000000
ANS9                              00000001
ANSEL                             00000188
ANSELH                            00000189
ASCII_to_LCDcode                  0000028B
BAUDCTL                           00000187
BCLIE                             00000003
BCLIF                             00000003
BF                                00000000
BIAS_1_3                          0000024C
BRG0                              00000000
BRG1                              00000001
BRG10                             00000002
BRG11                             00000003
BRG12                             00000004
BRG13                             00000005
BRG14                             00000006
BRG15                             00000007
BRG16                             00000003
BRG2                              00000002
BRG3                              00000003
BRG4                              00000004
BRG5                              00000005
BRG6                              00000006
BRG7                              00000007
MPASM  5.51                     TM1621LCD.ASM   2-22-2018  13:03:13         PAGE 21


SYMBOL TABLE
  LABEL                             VALUE 

BRG8                              00000000
BRG9                              00000001
BRGH                              00000002
C                                 00000000
C1CH0                             00000000
C1CH1                             00000001
C1IE                              00000005
C1IF                              00000005
C1OE                              00000005
C1ON                              00000007
C1OUT                             00000006
C1POL                             00000004
C1R                               00000002
C1RSEL                            00000005
C1SEN                             00000005
C2CH0                             00000000
C2CH1                             00000001
C2IE                              00000006
C2IF                              00000006
C2OE                              00000005
C2ON                              00000007
C2OUT                             00000006
C2POL                             00000004
C2R                               00000002
C2REN                             00000004
C2RSEL                            00000004
C2SYNC                            00000000
CCP1CON                           00000017
CCP1IE                            00000002
CCP1IF                            00000002
CCP1M0                            00000000
CCP1M1                            00000001
CCP1M2                            00000002
CCP1M3                            00000003
CCP1X                             00000005
CCP1Y                             00000004
CCP2CON                           0000001D
CCP2IE                            00000000
CCP2IF                            00000000
CCP2M0                            00000000
CCP2M1                            00000001
CCP2M2                            00000002
CCP2M3                            00000003
CCP2X                             00000005
CCP2Y                             00000004
CCPR1                             00000015
CCPR1H                            00000016
CCPR1L                            00000015
CCPR2                             0000001B
CCPR2H                            0000001C
CCPR2L                            0000001B
CHS0                              00000002
CHS1                              00000003
MPASM  5.51                     TM1621LCD.ASM   2-22-2018  13:03:13         PAGE 22


SYMBOL TABLE
  LABEL                             VALUE 

CHS2                              00000004
CHS3                              00000005
CKE                               00000006
CKP                               00000004
CM1CON0                           00000107
CM2CON0                           00000108
CM2CON1                           00000109
COMMAND                           00000204
CREN                              00000004
CS                                PORTB,4
CSRC                              00000007
ClrKoma                           0000011E
Convert_ASCII_to_LCD              00000083
D                                 00000005
DATA_ADDRESS                      00000005
DATA_PIN                          PORTB,7
DC                                00000001
DC1B0                             00000004
DC1B1                             00000005
DC2B0                             00000004
DC2B1                             00000005
D_A                               00000005
D_NOT_A                           00000005
Data_to_LCD                       00000044
Display_Data                      00000001
ECCPAS                            0000009C
ECCPAS0                           00000004
ECCPAS1                           00000005
ECCPAS2                           00000006
ECCPASE                           00000007
EEADR                             0000010D
EEADRH                            0000010F
EECON1                            0000018C
EECON2                            0000018D
EEDAT                             0000010C
EEDATA                            0000010C
EEDATH                            0000010E
EEIE                              00000004
EEIF                              00000004
EEPGD                             00000007
F                                 00000001
FERR                              00000002
FSR                               00000004
FVREN                             00000000
GCEN                              00000007
GIE                               00000007
GO                                00000001
GO_DONE                           00000001
GO_NOT_DONE                       00000001
HTS                               00000002
I2C_DATA                          00000005
I2C_READ                          00000002
I2C_START                         00000003
MPASM  5.51                     TM1621LCD.ASM   2-22-2018  13:03:13         PAGE 23


SYMBOL TABLE
  LABEL                             VALUE 

I2C_STOP                          00000004
INDF                              00000000
INTCON                            0000000B
INTE                              00000004
INTEDG                            00000006
INTF                              00000001
IOCB                              00000096
IOCB0                             00000000
IOCB1                             00000001
IOCB2                             00000002
IOCB3                             00000003
IOCB4                             00000004
IOCB5                             00000005
IOCB6                             00000006
IOCB7                             00000007
IRCF0                             00000004
IRCF1                             00000005
IRCF2                             00000006
IRP                               00000007
KomaPos                           00000011
LCD_Data_Duplicate                0000001D
LCD_OFF                           0000025F
LCD_ON                            00000275
LTS                               00000001
MC1OUT                            00000007
MC2OUT                            00000006
MSK                               00000093
MSK0                              00000000
MSK1                              00000001
MSK2                              00000002
MSK3                              00000003
MSK4                              00000004
MSK5                              00000005
MSK6                              00000006
MSK7                              00000007
NOT_A                             00000005
NOT_ADDRESS                       00000005
NOT_BO                            00000000
NOT_BOR                           00000000
NOT_DONE                          00000001
NOT_PD                            00000003
NOT_POR                           00000001
NOT_RBPU                          00000007
NOT_RC8                           00000006
NOT_T1SYNC                        00000002
NOT_TO                            00000004
NOT_TX8                           00000006
NOT_W                             00000002
NOT_WRITE                         00000002
OERR                              00000001
OPTION_REG                        00000081
OSCCON                            0000008F
OSCTUNE                           00000090
MPASM  5.51                     TM1621LCD.ASM   2-22-2018  13:03:13         PAGE 24


SYMBOL TABLE
  LABEL                             VALUE 

OSFIE                             00000007
OSFIF                             00000007
OSTS                              00000003
P                                 00000004
P1M0                              00000006
P1M1                              00000007
PCL                               00000002
PCLATH                            0000000A
PCON                              0000008E
PDC0                              00000000
PDC1                              00000001
PDC2                              00000002
PDC3                              00000003
PDC4                              00000004
PDC5                              00000005
PDC6                              00000006
PEIE                              00000006
PEN                               00000002
PIE1                              0000008C
PIE2                              0000008D
PIR1                              0000000C
PIR2                              0000000D
PORTA                             00000005
PORTB                             00000006
PORTC                             00000007
PORTD                             00000008
PORTE                             00000009
PR2                               00000092
PRSEN                             00000007
PS0                               00000000
PS1                               00000001
PS2                               00000002
PSA                               00000003
PSSAC0                            00000002
PSSAC1                            00000003
PSSBD0                            00000000
PSSBD1                            00000001
PSTRCON                           0000009D
PULSR                             00000002
PULSS                             00000003
PWM1CON                           0000009B
PrintFirstStr                     0000016B
PrintMsg                          000001CC
PrintSecondStr                    0000018C
PrintSimb                         00000070
PrintThirdStr                     000001AD
R                                 00000002
RA0                               00000000
RA1                               00000001
RA2                               00000002
RA3                               00000003
RA4                               00000004
RA5                               00000005
MPASM  5.51                     TM1621LCD.ASM   2-22-2018  13:03:13         PAGE 25


SYMBOL TABLE
  LABEL                             VALUE 

RA6                               00000006
RA7                               00000007
RB0                               00000000
RB1                               00000001
RB2                               00000002
RB3                               00000003
RB4                               00000004
RB5                               00000005
RB6                               00000006
RB7                               00000007
RBIE                              00000003
RBIF                              00000000
RC0                               00000000
RC1                               00000001
RC2                               00000002
RC3                               00000003
RC4                               00000004
RC5                               00000005
RC6                               00000006
RC7                               00000007
RC8_9                             00000006
RC9                               00000006
RCD8                              00000000
RCEN                              00000003
RCIDL                             00000006
RCIE                              00000005
RCIF                              00000005
RCREG                             0000001A
RCSTA                             00000018
RC_256K                           00000239
RD                                00000000
RD0                               00000000
RD1                               00000001
RD2                               00000002
RD3                               00000003
RD4                               00000004
RD5                               00000005
RD6                               00000006
RD7                               00000007
RE0                               00000000
RE1                               00000001
RE2                               00000002
RE3                               00000003
READ_WRITE                        00000002
RP0                               00000005
RP1                               00000006
RSEN                              00000001
RX9                               00000006
RX9D                              00000000
R_NOT_W                           00000002
R_W                               00000002
S                                 00000003
SBOREN                            00000004
MPASM  5.51                     TM1621LCD.ASM   2-22-2018  13:03:13         PAGE 26


SYMBOL TABLE
  LABEL                             VALUE 

SCKP                              00000004
SCS                               00000000
SEN                               00000000
SENDB                             00000003
SET_BANK0                         
SET_ONE                           000001E4
SET_ZERO                          000001D0
SMP                               00000007
SPBRG                             00000099
SPBRGH                            0000009A
SPEN                              00000007
SR0                               00000006
SR1                               00000007
SRCON                             00000185
SREN                              00000005
SSPADD                            00000093
SSPBUF                            00000013
SSPCON                            00000014
SSPCON2                           00000091
SSPEN                             00000005
SSPIE                             00000003
SSPIF                             00000003
SSPM0                             00000000
SSPM1                             00000001
SSPM2                             00000002
SSPM3                             00000003
SSPMSK                            00000093
SSPOV                             00000006
SSPSTAT                           00000094
STATUS                            00000003
STRA                              00000000
STRB                              00000001
STRC                              00000002
STRD                              00000003
STRSYNC                           00000004
SWDTEN                            00000000
SYNC                              00000004
SYS_EN                            00000224
SetKoma                           000000D1
T0CS                              00000005
T0IE                              00000005
T0IF                              00000002
T0SE                              00000004
T1CKPS0                           00000004
T1CKPS1                           00000005
T1CON                             00000010
T1GINV                            00000007
T1GIV                             00000007
T1GSS                             00000001
T1INSYNC                          00000002
T1OSCEN                           00000003
T1SYNC                            00000002
T2CKPS0                           00000000
MPASM  5.51                     TM1621LCD.ASM   2-22-2018  13:03:13         PAGE 27


SYMBOL TABLE
  LABEL                             VALUE 

T2CKPS1                           00000001
T2CON                             00000012
TMR0                              00000001
TMR0IE                            00000005
TMR0IF                            00000002
TMR1                              0000000E
TMR1CS                            00000001
TMR1GE                            00000006
TMR1H                             0000000F
TMR1IE                            00000000
TMR1IF                            00000000
TMR1L                             0000000E
TMR1ON                            00000000
TMR2                              00000011
TMR2IE                            00000001
TMR2IF                            00000001
TMR2ON                            00000002
TNORMAL                           00000217
TONE4K                            0000020A
TOUTPS0                           00000003
TOUTPS1                           00000004
TOUTPS2                           00000005
TOUTPS3                           00000006
TRISA                             00000085
TRISA0                            00000000
TRISA1                            00000001
TRISA2                            00000002
TRISA3                            00000003
TRISA4                            00000004
TRISA5                            00000005
TRISA6                            00000006
TRISA7                            00000007
TRISB                             00000086
TRISB0                            00000000
TRISB1                            00000001
TRISB2                            00000002
TRISB3                            00000003
TRISB4                            00000004
TRISB5                            00000005
TRISB6                            00000006
TRISB7                            00000007
TRISC                             00000087
TRISC0                            00000000
TRISC1                            00000001
TRISC2                            00000002
TRISC3                            00000003
TRISC4                            00000004
TRISC5                            00000005
TRISC6                            00000006
TRISC7                            00000007
TRISD                             00000088
TRISD0                            00000000
TRISD1                            00000001
MPASM  5.51                     TM1621LCD.ASM   2-22-2018  13:03:13         PAGE 28


SYMBOL TABLE
  LABEL                             VALUE 

TRISD2                            00000002
TRISD3                            00000003
TRISD4                            00000004
TRISD5                            00000005
TRISD6                            00000006
TRISD7                            00000007
TRISE                             00000089
TRISE0                            00000000
TRISE1                            00000001
TRISE2                            00000002
TRISE3                            00000003
TRMT                              00000001
TUN0                              00000000
TUN1                              00000001
TUN2                              00000002
TUN3                              00000003
TUN4                              00000004
TX8_9                             00000006
TX9                               00000006
TX9D                              00000000
TXD8                              00000000
TXEN                              00000005
TXIE                              00000004
TXIF                              00000004
TXREG                             00000019
TXSTA                             00000098
UA                                00000001
ULPWUE                            00000005
ULPWUIE                           00000002
ULPWUIF                           00000002
VCFG0                             00000004
VCFG1                             00000005
VR0                               00000000
VR1                               00000001
VR2                               00000002
VR3                               00000003
VRCON                             00000097
VREN                              00000007
VROE                              00000006
VRR                               00000005
VRSS                              00000004
W                                 00000000
WCOL                              00000007
WDTCON                            00000105
WDTPS0                            00000001
WDTPS1                            00000002
WDTPS2                            00000003
WDTPS3                            00000004
WPUB                              00000095
WPUB0                             00000000
WPUB1                             00000001
WPUB2                             00000002
WPUB3                             00000003
MPASM  5.51                     TM1621LCD.ASM   2-22-2018  13:03:13         PAGE 29


SYMBOL TABLE
  LABEL                             VALUE 

WPUB4                             00000004
WPUB5                             00000005
WPUB6                             00000006
WPUB7                             00000007
WR                                PORTB,5
WREN                              00000002
WRERR                             00000003
WRITE                             000001F8
WUE                               00000001
Z                                 00000002
_.code_002C                       0000002C
_.code_006B                       0000006B
_.code_0073                       00000073
_.code_0090                       00000090
_.code_0178                       00000178
_.code_0199                       00000199
_.code_01BA                       000001BA
_.code_01D8                       000001D8
_.code_01E1                       000001E1
_.code_01EC                       000001EC
_.code_01F5                       000001F5
_.code_01FE                       000001FE
_.code_0236                       00000236
_.code_0249                       00000249
_.code_025C                       0000025C
_.code_0272                       00000272
_.code_0288                       00000288
_BOR21V                           00003EFF
_BOR40V                           00003FFF
_BOR4V_BOR21V                     00003EFF
_BOR4V_BOR40V                     00003FFF
_BOREN_NSLEEP                     00003EFF
_BOREN_OFF                        00003CFF
_BOREN_ON                         00003FFF
_BOREN_SBODEN                     00003DFF
_BOR_NSLEEP                       00003EFF
_BOR_OFF                          00003CFF
_BOR_ON                           00003FFF
_BOR_SBODEN                       00003DFF
_CONFIG1                          00002007
_CONFIG2                          00002008
_CPD_OFF                          00003FFF
_CPD_ON                           00003F7F
_CP_OFF                           00003FFF
_CP_ON                            00003FBF
_DEBUG_OFF                        00003FFF
_DEBUG_ON                         00001FFF
_DEVID1                           00002006
_EC_OSC                           00003FFB
_EXTRC                            00003FFF
_EXTRCIO                          00003FFE
_EXTRC_OSC_CLKOUT                 00003FFF
_EXTRC_OSC_NOCLKOUT               00003FFE
MPASM  5.51                     TM1621LCD.ASM   2-22-2018  13:03:13         PAGE 30


SYMBOL TABLE
  LABEL                             VALUE 

_FCMEN_OFF                        000037FF
_FCMEN_ON                         00003FFF
_FOSC_EC                          00003FFB
_FOSC_EXTRC_CLKOUT                00003FFF
_FOSC_EXTRC_NOCLKOUT              00003FFE
_FOSC_HS                          00003FFA
_FOSC_INTRC_CLKOUT                00003FFD
_FOSC_INTRC_NOCLKOUT              00003FFC
_FOSC_LP                          00003FF8
_FOSC_XT                          00003FF9
_HS_OSC                           00003FFA
_IDLOC0                           00002000
_IDLOC1                           00002001
_IDLOC2                           00002002
_IDLOC3                           00002003
_IESO_OFF                         00003BFF
_IESO_ON                          00003FFF
_INTOSC                           00003FFD
_INTOSCIO                         00003FFC
_INTRC_OSC_CLKOUT                 00003FFD
_INTRC_OSC_NOCLKOUT               00003FFC
_LP_OSC                           00003FF8
_LVP_OFF                          00002FFF
_LVP_ON                           00003FFF
_MCLRE_OFF                        00003FDF
_MCLRE_ON                         00003FFF
_PWRTE_OFF                        00003FFF
_PWRTE_ON                         00003FEF
_WDTE_OFF                         00003FF7
_WDTE_ON                          00003FFF
_WDT_OFF                          00003FF7
_WDT_ON                           00003FFF
_WRT_1FOURTH                      00003BFF
_WRT_256                          00003DFF
_WRT_HALF                         000039FF
_WRT_OFF                          00003FFF
_XT_OSC                           00003FF9
__16F887                          00000001
__DEBUG                           1
buf_temp                          00000001
counter                           00000002
empty                             00000000
init_LCD                          00000000
koma_set                          000000A0
koma_set1                         000000B0
koma_set2                         000000BA
koma_set3                         000000C4
nextASCII                         0000008A
nextASCII_1                       00000172
nextASCII_2                       00000193
nextASCII_3                       000001B4
next_dupl                         0000003D
next_dupl_bit                     00000032
MPASM  5.51                     TM1621LCD.ASM   2-22-2018  13:03:13         PAGE 31


SYMBOL TABLE
  LABEL                             VALUE 

next_dupl_byte                    00000030
next_koma                         000000AC
pause_3us                         00000000
pause_5us                         00000000
send_next_bit                     00000057
send_next_byte                    00000053
send_zero                         0000006E
send_zero_1                       00000229
send_zero_2                       00000264
send_zero_3                       0000027A
send_zero_4                       0000004C
shift_bit                         0000005A
simb0                             0000007D
simb0_                            000000FD
simb1                             00000060
simb1_                            000000E0
simb2                             0000003E
simb2_                            000000BE
simb3                             0000007A
simb3_                            000000FA
simb4                             00000063
simb4_                            000000E3
simb5                             0000005B
simb5_                            000000DB
simb6                             0000005F
simb6_                            000000DF
simb7                             00000070
simb7_                            000000F0
simb8                             0000007F
simb8_                            000000FF
simb9                             0000007B
simb9_                            000000FB
simbA                             00000077
simbC                             0000001D
simbE                             0000001F
simbF                             00000017
simbG                             0000005D
simbH                             00000067
simbJ                             0000006C
simbL                             0000000D
simbP                             00000037
simbU                             0000006D
simbY                             0000006B
simb_pos                          00000000
simb_temp                         00000003
simbb                             0000004F
simbd                             0000006E
simbmin                           00000002
simbn                             00000046
simbr                             00000006
simbt                             0000000F
temp                              00000000
temp2                             00000004
MPASM  5.51                     TM1621LCD.ASM   2-22-2018  13:03:13         PAGE 32


SYMBOL TABLE
  LABEL                             VALUE 

test_dupl_bit                     00000035
zero_dupl                         00000042

Errors   :     0
Warnings :     0 reported,     0 suppressed
Messages :     0 reported,     0 suppressed

